2023-01-28 19:12:31,018:INFO:PyCaret Classification Module
2023-01-28 19:12:31,018:INFO:version 2.0
2023-01-28 19:12:31,018:INFO:Initializing setup()
2023-01-28 19:12:31,018:INFO:USI: 475f
2023-01-28 19:12:31,019:INFO:setup(data=(730, 9), target=Outcome, train_size=0.7, sampling=True, sample_estimator=None, categorical_features=None, categorical_imputation=constant, ordinal_features=None,
                    high_cardinality_features=None, high_cardinality_method=frequency, numeric_features=None, numeric_imputation=mean, date_features=None, ignore_features=None, normalize=True,
                    normalize_method=zscore, transformation=True, transformation_method=yeo-johnson, handle_unknown_categorical=True, unknown_categorical_method=least_frequent, pca=False, pca_method=linear,
                    pca_components=None, ignore_low_variance=True, combine_rare_levels=False, rare_level_threshold=0.1, bin_numeric_features=None, remove_outliers=False, outliers_threshold=0.05,
                    remove_multicollinearity=True, multicollinearity_threshold=0.95, remove_perfect_collinearity=False, create_clusters=False, cluster_iter=20,
                    polynomial_features=False, polynomial_degree=2, trigonometry_features=False, polynomial_threshold=0.1, group_features=None,
                    group_names=None, feature_selection=False, feature_selection_threshold=0.8, feature_interaction=False, feature_ratio=False, interaction_threshold=0.01,
                    fix_imbalance=False, fix_imbalance_method=None, data_split_shuffle=True, folds_shuffle=False, n_jobs=-1, html=True, session_id=1229, log_experiment=False,
                    experiment_name=None, log_plots=False, log_profile=False, log_data=False, silent=False, verbose=True, profile=False)
2023-01-28 19:12:31,020:INFO:Checking environment
2023-01-28 19:12:31,020:INFO:python_version: 3.10.4
2023-01-28 19:12:31,020:INFO:python_build: ('main', 'Mar 30 2022 08:38:02')
2023-01-28 19:12:31,020:INFO:machine: AMD64
2023-01-28 19:12:31,020:INFO:platform: Windows-10-10.0.19045-SP0
2023-01-28 19:12:31,025:INFO:Memory: svmem(total=17086648320, available=6423298048, percent=62.4, used=10663350272, free=6423298048)
2023-01-28 19:12:31,025:INFO:Physical Core: 4
2023-01-28 19:12:31,025:INFO:Logical Core: 8
2023-01-28 19:12:31,026:INFO:Checking libraries
2023-01-28 19:12:31,026:INFO:pd==1.5.3
2023-01-28 19:12:31,026:INFO:numpy==1.23.5
2023-01-28 19:12:31,186:INFO:sklearn==1.1.3
2023-01-28 19:12:31,336:INFO:xgboost==1.7.3
2023-01-28 19:12:31,395:INFO:lightgbm==3.3.4
2023-01-28 19:12:31,477:INFO:catboost==1.1.1
2023-01-28 19:12:32,398:INFO:mlflow==2.1.1
2023-01-28 19:12:32,398:INFO:Checking Exceptions
2023-01-28 19:12:32,398:INFO:Preloading libraries
2023-01-28 19:12:32,398:INFO:Preparing display monitor
2023-01-28 19:12:32,408:INFO:Importing libraries
2023-01-28 19:12:32,523:INFO:Copying data for preprocessing
2023-01-28 19:12:32,523:INFO:Declaring global variables
2023-01-28 19:12:32,528:INFO:Declaring preprocessing parameters
2023-01-28 19:12:32,528:INFO:Importing preprocessing module
2023-01-28 19:12:33,469:INFO:Creating preprocessing pipeline
2023-01-28 19:12:36,651:INFO:Preprocessing pipeline created successfully
2023-01-28 19:12:36,652:INFO:Creating grid variables
2023-01-28 19:12:36,653:INFO:Creating global containers
2023-01-28 19:12:36,758:INFO:create_model_container 0
2023-01-28 19:12:36,759:INFO:master_model_container 0
2023-01-28 19:12:36,759:INFO:display_container 0
2023-01-28 19:13:25,009:INFO:Initializing compare_models()
2023-01-28 19:13:25,010:INFO:compare_models(blacklist=None, whitelist=None, fold=10, round=4, sort=AUC, n_select=1, turbo=True, verbose=True)
2023-01-28 19:13:25,010:INFO:Checking exceptions
2023-01-28 19:13:25,011:INFO:Preloading libraries
2023-01-28 19:13:25,011:INFO:Preparing display monitor
2023-01-28 19:13:25,028:INFO:Copying training dataset
2023-01-28 19:13:25,029:INFO:Importing libraries
2023-01-28 19:13:25,071:INFO:Importing untrained models
2023-01-28 19:13:25,073:INFO:Import successful
2023-01-28 19:13:25,079:INFO:Defining folds
2023-01-28 19:13:57,641:INFO:PyCaret Classification Module
2023-01-28 19:13:57,641:INFO:version 2.0
2023-01-28 19:13:57,641:INFO:Initializing setup()
2023-01-28 19:13:57,641:INFO:USI: 1cce
2023-01-28 19:13:57,641:INFO:setup(data=(730, 9), target=Outcome, train_size=0.7, sampling=True, sample_estimator=None, categorical_features=None, categorical_imputation=constant, ordinal_features=None,
                    high_cardinality_features=None, high_cardinality_method=frequency, numeric_features=None, numeric_imputation=mean, date_features=None, ignore_features=None, normalize=True,
                    normalize_method=zscore, transformation=True, transformation_method=yeo-johnson, handle_unknown_categorical=True, unknown_categorical_method=least_frequent, pca=False, pca_method=linear,
                    pca_components=None, ignore_low_variance=True, combine_rare_levels=False, rare_level_threshold=0.1, bin_numeric_features=None, remove_outliers=False, outliers_threshold=0.05,
                    remove_multicollinearity=True, multicollinearity_threshold=0.95, remove_perfect_collinearity=False, create_clusters=False, cluster_iter=20,
                    polynomial_features=False, polynomial_degree=2, trigonometry_features=False, polynomial_threshold=0.1, group_features=None,
                    group_names=None, feature_selection=False, feature_selection_threshold=0.8, feature_interaction=False, feature_ratio=False, interaction_threshold=0.01,
                    fix_imbalance=False, fix_imbalance_method=None, data_split_shuffle=True, folds_shuffle=True, n_jobs=-1, html=True, session_id=1229, log_experiment=False,
                    experiment_name=None, log_plots=False, log_profile=False, log_data=False, silent=False, verbose=True, profile=False)
2023-01-28 19:13:57,641:INFO:Checking environment
2023-01-28 19:13:57,642:INFO:python_version: 3.10.4
2023-01-28 19:13:57,642:INFO:python_build: ('main', 'Mar 30 2022 08:38:02')
2023-01-28 19:13:57,642:INFO:machine: AMD64
2023-01-28 19:13:57,642:INFO:platform: Windows-10-10.0.19045-SP0
2023-01-28 19:13:57,648:INFO:Memory: svmem(total=17086648320, available=6314610688, percent=63.0, used=10772037632, free=6314610688)
2023-01-28 19:13:57,648:INFO:Physical Core: 4
2023-01-28 19:13:57,648:INFO:Logical Core: 8
2023-01-28 19:13:57,648:INFO:Checking libraries
2023-01-28 19:13:57,649:INFO:pd==1.5.3
2023-01-28 19:13:57,649:INFO:numpy==1.23.5
2023-01-28 19:13:57,649:INFO:sklearn==1.1.3
2023-01-28 19:13:57,649:INFO:xgboost==1.7.3
2023-01-28 19:13:57,649:INFO:lightgbm==3.3.4
2023-01-28 19:13:57,649:INFO:catboost==1.1.1
2023-01-28 19:13:57,649:INFO:mlflow==2.1.1
2023-01-28 19:13:57,649:INFO:Checking Exceptions
2023-01-28 19:13:57,649:INFO:Preloading libraries
2023-01-28 19:13:57,649:INFO:Preparing display monitor
2023-01-28 19:13:57,659:INFO:Importing libraries
2023-01-28 19:13:57,669:INFO:Copying data for preprocessing
2023-01-28 19:13:57,669:INFO:Declaring global variables
2023-01-28 19:13:57,673:INFO:Declaring preprocessing parameters
2023-01-28 19:13:57,674:INFO:Importing preprocessing module
2023-01-28 19:13:57,674:INFO:Creating preprocessing pipeline
2023-01-28 19:13:58,918:INFO:Preprocessing pipeline created successfully
2023-01-28 19:13:58,918:INFO:Creating grid variables
2023-01-28 19:13:58,919:INFO:Creating global containers
2023-01-28 19:13:58,938:INFO:create_model_container 0
2023-01-28 19:13:58,938:INFO:master_model_container 0
2023-01-28 19:13:58,938:INFO:display_container 0
2023-01-28 19:14:02,681:INFO:Initializing compare_models()
2023-01-28 19:14:02,681:INFO:compare_models(blacklist=None, whitelist=None, fold=10, round=4, sort=AUC, n_select=1, turbo=True, verbose=True)
2023-01-28 19:14:02,681:INFO:Checking exceptions
2023-01-28 19:14:02,682:INFO:Preloading libraries
2023-01-28 19:14:02,683:INFO:Preparing display monitor
2023-01-28 19:14:02,699:INFO:Copying training dataset
2023-01-28 19:14:02,700:INFO:Importing libraries
2023-01-28 19:14:02,708:INFO:Importing untrained models
2023-01-28 19:14:02,709:INFO:Import successful
2023-01-28 19:14:02,715:INFO:Defining folds
2023-01-28 19:14:02,715:INFO:Declaring metric variables
2023-01-28 19:14:02,715:INFO:Initializing Logistic Regression
2023-01-28 19:14:02,722:INFO:Initializing Fold 1
2023-01-28 19:14:02,727:INFO:Fitting Model
2023-01-28 19:14:02,753:INFO:Evaluating Metrics
2023-01-28 19:14:02,760:INFO:Compiling Metrics
2023-01-28 19:14:02,767:INFO:Initializing Fold 2
2023-01-28 19:14:02,771:INFO:Fitting Model
2023-01-28 19:14:02,791:INFO:Evaluating Metrics
2023-01-28 19:14:02,797:INFO:Compiling Metrics
2023-01-28 19:14:02,802:INFO:Initializing Fold 3
2023-01-28 19:14:02,807:INFO:Fitting Model
2023-01-28 19:14:02,824:INFO:Evaluating Metrics
2023-01-28 19:14:02,831:INFO:Compiling Metrics
2023-01-28 19:14:02,837:INFO:Initializing Fold 4
2023-01-28 19:14:02,842:INFO:Fitting Model
2023-01-28 19:14:02,860:INFO:Evaluating Metrics
2023-01-28 19:14:02,867:INFO:Compiling Metrics
2023-01-28 19:14:02,872:INFO:Initializing Fold 5
2023-01-28 19:14:02,877:INFO:Fitting Model
2023-01-28 19:14:02,893:INFO:Evaluating Metrics
2023-01-28 19:14:02,900:INFO:Compiling Metrics
2023-01-28 19:14:02,905:INFO:Initializing Fold 6
2023-01-28 19:14:02,911:INFO:Fitting Model
2023-01-28 19:14:02,929:INFO:Evaluating Metrics
2023-01-28 19:14:02,936:INFO:Compiling Metrics
2023-01-28 19:14:02,941:INFO:Initializing Fold 7
2023-01-28 19:14:02,946:INFO:Fitting Model
2023-01-28 19:14:02,963:INFO:Evaluating Metrics
2023-01-28 19:14:02,970:INFO:Compiling Metrics
2023-01-28 19:14:02,975:INFO:Initializing Fold 8
2023-01-28 19:14:02,980:INFO:Fitting Model
2023-01-28 19:14:02,996:INFO:Evaluating Metrics
2023-01-28 19:14:03,003:INFO:Compiling Metrics
2023-01-28 19:14:03,008:INFO:Initializing Fold 9
2023-01-28 19:14:03,013:INFO:Fitting Model
2023-01-28 19:14:03,051:INFO:Evaluating Metrics
2023-01-28 19:14:03,057:INFO:Compiling Metrics
2023-01-28 19:14:03,062:INFO:Initializing Fold 10
2023-01-28 19:14:03,068:INFO:Fitting Model
2023-01-28 19:14:03,085:INFO:Evaluating Metrics
2023-01-28 19:14:03,091:INFO:Compiling Metrics
2023-01-28 19:14:03,096:INFO:Calculating mean and std
2023-01-28 19:14:03,097:INFO:Creating metrics dataframe
2023-01-28 19:14:03,107:INFO:Initializing K Neighbors Classifier
2023-01-28 19:14:03,115:INFO:Initializing Fold 1
2023-01-28 19:14:03,121:INFO:Fitting Model
2023-01-28 19:14:03,123:INFO:Evaluating Metrics
2023-01-28 19:14:03,340:INFO:Compiling Metrics
2023-01-28 19:14:03,345:INFO:Initializing Fold 2
2023-01-28 19:14:03,352:INFO:Fitting Model
2023-01-28 19:14:03,353:INFO:Evaluating Metrics
2023-01-28 19:14:03,373:INFO:Compiling Metrics
2023-01-28 19:14:03,379:INFO:Initializing Fold 3
2023-01-28 19:14:03,385:INFO:Fitting Model
2023-01-28 19:14:03,388:INFO:Evaluating Metrics
2023-01-28 19:14:03,407:INFO:Compiling Metrics
2023-01-28 19:14:03,412:INFO:Initializing Fold 4
2023-01-28 19:14:03,418:INFO:Fitting Model
2023-01-28 19:14:03,419:INFO:Evaluating Metrics
2023-01-28 19:14:03,444:INFO:Compiling Metrics
2023-01-28 19:14:03,449:INFO:Initializing Fold 5
2023-01-28 19:14:03,454:INFO:Fitting Model
2023-01-28 19:14:03,456:INFO:Evaluating Metrics
2023-01-28 19:14:03,475:INFO:Compiling Metrics
2023-01-28 19:14:03,480:INFO:Initializing Fold 6
2023-01-28 19:14:03,485:INFO:Fitting Model
2023-01-28 19:14:03,487:INFO:Evaluating Metrics
2023-01-28 19:14:03,515:INFO:Compiling Metrics
2023-01-28 19:14:03,526:INFO:Initializing Fold 7
2023-01-28 19:14:03,531:INFO:Fitting Model
2023-01-28 19:14:03,534:INFO:Evaluating Metrics
2023-01-28 19:14:03,553:INFO:Compiling Metrics
2023-01-28 19:14:03,558:INFO:Initializing Fold 8
2023-01-28 19:14:03,562:INFO:Fitting Model
2023-01-28 19:14:03,564:INFO:Evaluating Metrics
2023-01-28 19:14:03,586:INFO:Compiling Metrics
2023-01-28 19:14:03,592:INFO:Initializing Fold 9
2023-01-28 19:14:03,596:INFO:Fitting Model
2023-01-28 19:14:03,600:INFO:Evaluating Metrics
2023-01-28 19:14:03,619:INFO:Compiling Metrics
2023-01-28 19:14:03,624:INFO:Initializing Fold 10
2023-01-28 19:14:03,629:INFO:Fitting Model
2023-01-28 19:14:03,631:INFO:Evaluating Metrics
2023-01-28 19:14:03,651:INFO:Compiling Metrics
2023-01-28 19:14:03,657:INFO:Calculating mean and std
2023-01-28 19:14:03,657:INFO:Creating metrics dataframe
2023-01-28 19:14:03,667:INFO:Initializing Naive Bayes
2023-01-28 19:14:03,674:INFO:Initializing Fold 1
2023-01-28 19:14:03,682:INFO:Fitting Model
2023-01-28 19:14:03,684:INFO:Evaluating Metrics
2023-01-28 19:14:03,696:INFO:Compiling Metrics
2023-01-28 19:14:03,702:INFO:Initializing Fold 2
2023-01-28 19:14:03,713:INFO:Fitting Model
2023-01-28 19:14:03,715:INFO:Evaluating Metrics
2023-01-28 19:14:03,727:INFO:Compiling Metrics
2023-01-28 19:14:03,738:INFO:Initializing Fold 3
2023-01-28 19:14:03,743:INFO:Fitting Model
2023-01-28 19:14:03,747:INFO:Evaluating Metrics
2023-01-28 19:14:03,756:INFO:Compiling Metrics
2023-01-28 19:14:03,761:INFO:Initializing Fold 4
2023-01-28 19:14:03,769:INFO:Fitting Model
2023-01-28 19:14:03,771:INFO:Evaluating Metrics
2023-01-28 19:14:03,779:INFO:Compiling Metrics
2023-01-28 19:14:03,784:INFO:Initializing Fold 5
2023-01-28 19:14:03,789:INFO:Fitting Model
2023-01-28 19:14:03,791:INFO:Evaluating Metrics
2023-01-28 19:14:03,798:INFO:Compiling Metrics
2023-01-28 19:14:03,806:INFO:Initializing Fold 6
2023-01-28 19:14:03,810:INFO:Fitting Model
2023-01-28 19:14:03,813:INFO:Evaluating Metrics
2023-01-28 19:14:03,822:INFO:Compiling Metrics
2023-01-28 19:14:03,827:INFO:Initializing Fold 7
2023-01-28 19:14:03,832:INFO:Fitting Model
2023-01-28 19:14:03,837:INFO:Evaluating Metrics
2023-01-28 19:14:03,844:INFO:Compiling Metrics
2023-01-28 19:14:03,850:INFO:Initializing Fold 8
2023-01-28 19:14:03,858:INFO:Fitting Model
2023-01-28 19:14:03,860:INFO:Evaluating Metrics
2023-01-28 19:14:03,870:INFO:Compiling Metrics
2023-01-28 19:14:03,875:INFO:Initializing Fold 9
2023-01-28 19:14:03,880:INFO:Fitting Model
2023-01-28 19:14:03,884:INFO:Evaluating Metrics
2023-01-28 19:14:03,897:INFO:Compiling Metrics
2023-01-28 19:14:03,908:INFO:Initializing Fold 10
2023-01-28 19:14:03,916:INFO:Fitting Model
2023-01-28 19:14:03,918:INFO:Evaluating Metrics
2023-01-28 19:14:03,926:INFO:Compiling Metrics
2023-01-28 19:14:03,932:INFO:Calculating mean and std
2023-01-28 19:14:03,933:INFO:Creating metrics dataframe
2023-01-28 19:14:03,944:INFO:Initializing Decision Tree Classifier
2023-01-28 19:14:03,953:INFO:Initializing Fold 1
2023-01-28 19:14:03,958:INFO:Fitting Model
2023-01-28 19:14:03,973:INFO:Evaluating Metrics
2023-01-28 19:14:03,981:INFO:Compiling Metrics
2023-01-28 19:14:03,987:INFO:Initializing Fold 2
2023-01-28 19:14:03,992:INFO:Fitting Model
2023-01-28 19:14:03,996:INFO:Evaluating Metrics
2023-01-28 19:14:04,005:INFO:Compiling Metrics
2023-01-28 19:14:04,011:INFO:Initializing Fold 3
2023-01-28 19:14:04,017:INFO:Fitting Model
2023-01-28 19:14:04,021:INFO:Evaluating Metrics
2023-01-28 19:14:04,028:INFO:Compiling Metrics
2023-01-28 19:14:04,033:INFO:Initializing Fold 4
2023-01-28 19:14:04,038:INFO:Fitting Model
2023-01-28 19:14:04,043:INFO:Evaluating Metrics
2023-01-28 19:14:04,050:INFO:Compiling Metrics
2023-01-28 19:14:04,055:INFO:Initializing Fold 5
2023-01-28 19:14:04,062:INFO:Fitting Model
2023-01-28 19:14:04,066:INFO:Evaluating Metrics
2023-01-28 19:14:04,073:INFO:Compiling Metrics
2023-01-28 19:14:04,078:INFO:Initializing Fold 6
2023-01-28 19:14:04,085:INFO:Fitting Model
2023-01-28 19:14:04,089:INFO:Evaluating Metrics
2023-01-28 19:14:04,096:INFO:Compiling Metrics
2023-01-28 19:14:04,101:INFO:Initializing Fold 7
2023-01-28 19:14:04,108:INFO:Fitting Model
2023-01-28 19:14:04,113:INFO:Evaluating Metrics
2023-01-28 19:14:04,120:INFO:Compiling Metrics
2023-01-28 19:14:04,125:INFO:Initializing Fold 8
2023-01-28 19:14:04,131:INFO:Fitting Model
2023-01-28 19:14:04,136:INFO:Evaluating Metrics
2023-01-28 19:14:04,142:INFO:Compiling Metrics
2023-01-28 19:14:04,148:INFO:Initializing Fold 9
2023-01-28 19:14:04,153:INFO:Fitting Model
2023-01-28 19:14:04,157:INFO:Evaluating Metrics
2023-01-28 19:14:04,165:INFO:Compiling Metrics
2023-01-28 19:14:04,170:INFO:Initializing Fold 10
2023-01-28 19:14:04,175:INFO:Fitting Model
2023-01-28 19:14:04,181:INFO:Evaluating Metrics
2023-01-28 19:14:04,187:INFO:Compiling Metrics
2023-01-28 19:14:04,192:INFO:Calculating mean and std
2023-01-28 19:14:04,193:INFO:Creating metrics dataframe
2023-01-28 19:14:04,205:INFO:Initializing SVM - Linear Kernel
2023-01-28 19:14:04,210:INFO:Initializing Fold 1
2023-01-28 19:14:04,218:INFO:Fitting Model
2023-01-28 19:14:04,237:INFO:Evaluating Metrics
2023-01-28 19:14:04,237:WARNING:model has no predict_proba attribute. pred_prob set to 0.00
2023-01-28 19:14:04,242:WARNING:model has no predict_proba attribute. AUC set to 0.00
2023-01-28 19:14:04,246:INFO:Compiling Metrics
2023-01-28 19:14:04,253:INFO:Initializing Fold 2
2023-01-28 19:14:04,260:INFO:Fitting Model
2023-01-28 19:14:04,265:INFO:Evaluating Metrics
2023-01-28 19:14:04,265:WARNING:model has no predict_proba attribute. pred_prob set to 0.00
2023-01-28 19:14:04,268:WARNING:model has no predict_proba attribute. AUC set to 0.00
2023-01-28 19:14:04,271:INFO:Compiling Metrics
2023-01-28 19:14:04,276:INFO:Initializing Fold 3
2023-01-28 19:14:04,283:INFO:Fitting Model
2023-01-28 19:14:04,290:INFO:Evaluating Metrics
2023-01-28 19:14:04,290:WARNING:model has no predict_proba attribute. pred_prob set to 0.00
2023-01-28 19:14:04,294:WARNING:model has no predict_proba attribute. AUC set to 0.00
2023-01-28 19:14:04,298:INFO:Compiling Metrics
2023-01-28 19:14:04,304:INFO:Initializing Fold 4
2023-01-28 19:14:04,311:INFO:Fitting Model
2023-01-28 19:14:04,315:INFO:Evaluating Metrics
2023-01-28 19:14:04,315:WARNING:model has no predict_proba attribute. pred_prob set to 0.00
2023-01-28 19:14:04,317:WARNING:model has no predict_proba attribute. AUC set to 0.00
2023-01-28 19:14:04,320:INFO:Compiling Metrics
2023-01-28 19:14:04,325:INFO:Initializing Fold 5
2023-01-28 19:14:04,331:INFO:Fitting Model
2023-01-28 19:14:04,335:INFO:Evaluating Metrics
2023-01-28 19:14:04,336:WARNING:model has no predict_proba attribute. pred_prob set to 0.00
2023-01-28 19:14:04,338:WARNING:model has no predict_proba attribute. AUC set to 0.00
2023-01-28 19:14:04,340:INFO:Compiling Metrics
2023-01-28 19:14:04,346:INFO:Initializing Fold 6
2023-01-28 19:14:04,354:INFO:Fitting Model
2023-01-28 19:14:04,359:INFO:Evaluating Metrics
2023-01-28 19:14:04,359:WARNING:model has no predict_proba attribute. pred_prob set to 0.00
2023-01-28 19:14:04,362:WARNING:model has no predict_proba attribute. AUC set to 0.00
2023-01-28 19:14:04,364:INFO:Compiling Metrics
2023-01-28 19:14:04,370:INFO:Initializing Fold 7
2023-01-28 19:14:04,378:INFO:Fitting Model
2023-01-28 19:14:04,382:INFO:Evaluating Metrics
2023-01-28 19:14:04,382:WARNING:model has no predict_proba attribute. pred_prob set to 0.00
2023-01-28 19:14:04,384:WARNING:model has no predict_proba attribute. AUC set to 0.00
2023-01-28 19:14:04,387:INFO:Compiling Metrics
2023-01-28 19:14:04,392:INFO:Initializing Fold 8
2023-01-28 19:14:04,399:INFO:Fitting Model
2023-01-28 19:14:04,403:INFO:Evaluating Metrics
2023-01-28 19:14:04,403:WARNING:model has no predict_proba attribute. pred_prob set to 0.00
2023-01-28 19:14:04,405:WARNING:model has no predict_proba attribute. AUC set to 0.00
2023-01-28 19:14:04,408:INFO:Compiling Metrics
2023-01-28 19:14:04,413:INFO:Initializing Fold 9
2023-01-28 19:14:04,419:INFO:Fitting Model
2023-01-28 19:14:04,422:INFO:Evaluating Metrics
2023-01-28 19:14:04,423:WARNING:model has no predict_proba attribute. pred_prob set to 0.00
2023-01-28 19:14:04,426:WARNING:model has no predict_proba attribute. AUC set to 0.00
2023-01-28 19:14:04,429:INFO:Compiling Metrics
2023-01-28 19:14:04,435:INFO:Initializing Fold 10
2023-01-28 19:14:04,440:INFO:Fitting Model
2023-01-28 19:14:04,447:INFO:Evaluating Metrics
2023-01-28 19:14:04,447:WARNING:model has no predict_proba attribute. pred_prob set to 0.00
2023-01-28 19:14:04,450:WARNING:model has no predict_proba attribute. AUC set to 0.00
2023-01-28 19:14:04,456:INFO:Compiling Metrics
2023-01-28 19:14:04,467:INFO:Calculating mean and std
2023-01-28 19:14:04,468:INFO:Creating metrics dataframe
2023-01-28 19:14:04,485:INFO:Initializing Ridge Classifier
2023-01-28 19:14:04,492:INFO:Initializing Fold 1
2023-01-28 19:14:04,498:INFO:Fitting Model
2023-01-28 19:14:04,506:INFO:Evaluating Metrics
2023-01-28 19:14:04,506:WARNING:model has no predict_proba attribute. pred_prob set to 0.00
2023-01-28 19:14:04,508:WARNING:model has no predict_proba attribute. AUC set to 0.00
2023-01-28 19:14:04,511:INFO:Compiling Metrics
2023-01-28 19:14:04,517:INFO:Initializing Fold 2
2023-01-28 19:14:04,523:INFO:Fitting Model
2023-01-28 19:14:04,527:INFO:Evaluating Metrics
2023-01-28 19:14:04,527:WARNING:model has no predict_proba attribute. pred_prob set to 0.00
2023-01-28 19:14:04,531:WARNING:model has no predict_proba attribute. AUC set to 0.00
2023-01-28 19:14:04,533:INFO:Compiling Metrics
2023-01-28 19:14:04,539:INFO:Initializing Fold 3
2023-01-28 19:14:04,546:INFO:Fitting Model
2023-01-28 19:14:04,549:INFO:Evaluating Metrics
2023-01-28 19:14:04,549:WARNING:model has no predict_proba attribute. pred_prob set to 0.00
2023-01-28 19:14:04,552:WARNING:model has no predict_proba attribute. AUC set to 0.00
2023-01-28 19:14:04,555:INFO:Compiling Metrics
2023-01-28 19:14:04,560:INFO:Initializing Fold 4
2023-01-28 19:14:04,566:INFO:Fitting Model
2023-01-28 19:14:04,572:INFO:Evaluating Metrics
2023-01-28 19:14:04,572:WARNING:model has no predict_proba attribute. pred_prob set to 0.00
2023-01-28 19:14:04,576:WARNING:model has no predict_proba attribute. AUC set to 0.00
2023-01-28 19:14:04,580:INFO:Compiling Metrics
2023-01-28 19:14:04,587:INFO:Initializing Fold 5
2023-01-28 19:14:04,594:INFO:Fitting Model
2023-01-28 19:14:04,598:INFO:Evaluating Metrics
2023-01-28 19:14:04,598:WARNING:model has no predict_proba attribute. pred_prob set to 0.00
2023-01-28 19:14:04,603:WARNING:model has no predict_proba attribute. AUC set to 0.00
2023-01-28 19:14:04,606:INFO:Compiling Metrics
2023-01-28 19:14:04,611:INFO:Initializing Fold 6
2023-01-28 19:14:04,617:INFO:Fitting Model
2023-01-28 19:14:04,621:INFO:Evaluating Metrics
2023-01-28 19:14:04,621:WARNING:model has no predict_proba attribute. pred_prob set to 0.00
2023-01-28 19:14:04,624:WARNING:model has no predict_proba attribute. AUC set to 0.00
2023-01-28 19:14:04,626:INFO:Compiling Metrics
2023-01-28 19:14:04,631:INFO:Initializing Fold 7
2023-01-28 19:14:04,638:INFO:Fitting Model
2023-01-28 19:14:04,643:INFO:Evaluating Metrics
2023-01-28 19:14:04,643:WARNING:model has no predict_proba attribute. pred_prob set to 0.00
2023-01-28 19:14:04,647:WARNING:model has no predict_proba attribute. AUC set to 0.00
2023-01-28 19:14:04,653:INFO:Compiling Metrics
2023-01-28 19:14:04,659:INFO:Initializing Fold 8
2023-01-28 19:14:04,664:INFO:Fitting Model
2023-01-28 19:14:04,669:INFO:Evaluating Metrics
2023-01-28 19:14:04,669:WARNING:model has no predict_proba attribute. pred_prob set to 0.00
2023-01-28 19:14:04,672:WARNING:model has no predict_proba attribute. AUC set to 0.00
2023-01-28 19:14:04,676:INFO:Compiling Metrics
2023-01-28 19:14:04,683:INFO:Initializing Fold 9
2023-01-28 19:14:04,692:INFO:Fitting Model
2023-01-28 19:14:04,697:INFO:Evaluating Metrics
2023-01-28 19:14:04,697:WARNING:model has no predict_proba attribute. pred_prob set to 0.00
2023-01-28 19:14:04,701:WARNING:model has no predict_proba attribute. AUC set to 0.00
2023-01-28 19:14:04,704:INFO:Compiling Metrics
2023-01-28 19:14:04,709:INFO:Initializing Fold 10
2023-01-28 19:14:04,715:INFO:Fitting Model
2023-01-28 19:14:04,719:INFO:Evaluating Metrics
2023-01-28 19:14:04,719:WARNING:model has no predict_proba attribute. pred_prob set to 0.00
2023-01-28 19:14:04,722:WARNING:model has no predict_proba attribute. AUC set to 0.00
2023-01-28 19:14:04,724:INFO:Compiling Metrics
2023-01-28 19:14:04,729:INFO:Calculating mean and std
2023-01-28 19:14:04,730:INFO:Creating metrics dataframe
2023-01-28 19:14:04,742:INFO:Initializing Random Forest Classifier
2023-01-28 19:14:04,748:INFO:Initializing Fold 1
2023-01-28 19:14:04,754:INFO:Fitting Model
2023-01-28 19:14:04,793:INFO:Evaluating Metrics
2023-01-28 19:14:04,814:INFO:Compiling Metrics
2023-01-28 19:14:04,819:INFO:Initializing Fold 2
2023-01-28 19:14:04,824:INFO:Fitting Model
2023-01-28 19:14:04,850:INFO:Evaluating Metrics
2023-01-28 19:14:04,871:INFO:Compiling Metrics
2023-01-28 19:14:04,876:INFO:Initializing Fold 3
2023-01-28 19:14:04,881:INFO:Fitting Model
2023-01-28 19:14:04,905:INFO:Evaluating Metrics
2023-01-28 19:14:04,927:INFO:Compiling Metrics
2023-01-28 19:14:04,932:INFO:Initializing Fold 4
2023-01-28 19:14:04,937:INFO:Fitting Model
2023-01-28 19:14:04,961:INFO:Evaluating Metrics
2023-01-28 19:14:04,981:INFO:Compiling Metrics
2023-01-28 19:14:04,986:INFO:Initializing Fold 5
2023-01-28 19:14:04,991:INFO:Fitting Model
2023-01-28 19:14:05,020:INFO:Evaluating Metrics
2023-01-28 19:14:05,040:INFO:Compiling Metrics
2023-01-28 19:14:05,045:INFO:Initializing Fold 6
2023-01-28 19:14:05,051:INFO:Fitting Model
2023-01-28 19:14:05,075:INFO:Evaluating Metrics
2023-01-28 19:14:05,097:INFO:Compiling Metrics
2023-01-28 19:14:05,102:INFO:Initializing Fold 7
2023-01-28 19:14:05,107:INFO:Fitting Model
2023-01-28 19:14:05,134:INFO:Evaluating Metrics
2023-01-28 19:14:05,156:INFO:Compiling Metrics
2023-01-28 19:14:05,161:INFO:Initializing Fold 8
2023-01-28 19:14:05,165:INFO:Fitting Model
2023-01-28 19:14:05,191:INFO:Evaluating Metrics
2023-01-28 19:14:05,211:INFO:Compiling Metrics
2023-01-28 19:14:05,216:INFO:Initializing Fold 9
2023-01-28 19:14:05,220:INFO:Fitting Model
2023-01-28 19:14:05,244:INFO:Evaluating Metrics
2023-01-28 19:14:05,265:INFO:Compiling Metrics
2023-01-28 19:14:05,270:INFO:Initializing Fold 10
2023-01-28 19:14:05,277:INFO:Fitting Model
2023-01-28 19:14:05,302:INFO:Evaluating Metrics
2023-01-28 19:14:05,322:INFO:Compiling Metrics
2023-01-28 19:14:05,327:INFO:Calculating mean and std
2023-01-28 19:14:05,328:INFO:Creating metrics dataframe
2023-01-28 19:14:05,340:INFO:Initializing Quadratic Discriminant Analysis
2023-01-28 19:14:05,346:INFO:Initializing Fold 1
2023-01-28 19:14:05,352:INFO:Fitting Model
2023-01-28 19:14:05,370:INFO:Evaluating Metrics
2023-01-28 19:14:05,377:INFO:Compiling Metrics
2023-01-28 19:14:05,382:INFO:Initializing Fold 2
2023-01-28 19:14:05,389:INFO:Fitting Model
2023-01-28 19:14:05,391:INFO:Evaluating Metrics
2023-01-28 19:14:05,399:INFO:Compiling Metrics
2023-01-28 19:14:05,405:INFO:Initializing Fold 3
2023-01-28 19:14:05,412:INFO:Fitting Model
2023-01-28 19:14:05,415:INFO:Evaluating Metrics
2023-01-28 19:14:05,425:INFO:Compiling Metrics
2023-01-28 19:14:05,436:INFO:Initializing Fold 4
2023-01-28 19:14:05,442:INFO:Fitting Model
2023-01-28 19:14:05,446:INFO:Evaluating Metrics
2023-01-28 19:14:05,455:INFO:Compiling Metrics
2023-01-28 19:14:05,461:INFO:Initializing Fold 5
2023-01-28 19:14:05,466:INFO:Fitting Model
2023-01-28 19:14:05,470:INFO:Evaluating Metrics
2023-01-28 19:14:05,476:INFO:Compiling Metrics
2023-01-28 19:14:05,482:INFO:Initializing Fold 6
2023-01-28 19:14:05,488:INFO:Fitting Model
2023-01-28 19:14:05,491:INFO:Evaluating Metrics
2023-01-28 19:14:05,498:INFO:Compiling Metrics
2023-01-28 19:14:05,505:INFO:Initializing Fold 7
2023-01-28 19:14:05,510:INFO:Fitting Model
2023-01-28 19:14:05,513:INFO:Evaluating Metrics
2023-01-28 19:14:05,520:INFO:Compiling Metrics
2023-01-28 19:14:05,525:INFO:Initializing Fold 8
2023-01-28 19:14:05,531:INFO:Fitting Model
2023-01-28 19:14:05,533:INFO:Evaluating Metrics
2023-01-28 19:14:05,541:INFO:Compiling Metrics
2023-01-28 19:14:05,545:INFO:Initializing Fold 9
2023-01-28 19:14:05,552:INFO:Fitting Model
2023-01-28 19:14:05,554:INFO:Evaluating Metrics
2023-01-28 19:14:05,562:INFO:Compiling Metrics
2023-01-28 19:14:05,568:INFO:Initializing Fold 10
2023-01-28 19:14:05,573:INFO:Fitting Model
2023-01-28 19:14:05,576:INFO:Evaluating Metrics
2023-01-28 19:14:05,583:INFO:Compiling Metrics
2023-01-28 19:14:05,589:INFO:Calculating mean and std
2023-01-28 19:14:05,589:INFO:Creating metrics dataframe
2023-01-28 19:14:05,608:INFO:Initializing Ada Boost Classifier
2023-01-28 19:14:05,614:INFO:Initializing Fold 1
2023-01-28 19:14:05,620:INFO:Fitting Model
2023-01-28 19:14:05,713:INFO:Evaluating Metrics
2023-01-28 19:14:05,733:INFO:Compiling Metrics
2023-01-28 19:14:05,738:INFO:Initializing Fold 2
2023-01-28 19:14:05,742:INFO:Fitting Model
2023-01-28 19:14:05,821:INFO:Evaluating Metrics
2023-01-28 19:14:05,841:INFO:Compiling Metrics
2023-01-28 19:14:05,845:INFO:Initializing Fold 3
2023-01-28 19:14:05,852:INFO:Fitting Model
2023-01-28 19:14:05,927:INFO:Evaluating Metrics
2023-01-28 19:14:05,946:INFO:Compiling Metrics
2023-01-28 19:14:05,951:INFO:Initializing Fold 4
2023-01-28 19:14:05,959:INFO:Fitting Model
2023-01-28 19:14:06,036:INFO:Evaluating Metrics
2023-01-28 19:14:06,055:INFO:Compiling Metrics
2023-01-28 19:14:06,060:INFO:Initializing Fold 5
2023-01-28 19:14:06,065:INFO:Fitting Model
2023-01-28 19:14:06,143:INFO:Evaluating Metrics
2023-01-28 19:14:06,162:INFO:Compiling Metrics
2023-01-28 19:14:06,167:INFO:Initializing Fold 6
2023-01-28 19:14:06,174:INFO:Fitting Model
2023-01-28 19:14:06,251:INFO:Evaluating Metrics
2023-01-28 19:14:06,271:INFO:Compiling Metrics
2023-01-28 19:14:06,276:INFO:Initializing Fold 7
2023-01-28 19:14:06,283:INFO:Fitting Model
2023-01-28 19:14:06,359:INFO:Evaluating Metrics
2023-01-28 19:14:06,378:INFO:Compiling Metrics
2023-01-28 19:14:06,383:INFO:Initializing Fold 8
2023-01-28 19:14:06,388:INFO:Fitting Model
2023-01-28 19:14:06,466:INFO:Evaluating Metrics
2023-01-28 19:14:06,485:INFO:Compiling Metrics
2023-01-28 19:14:06,490:INFO:Initializing Fold 9
2023-01-28 19:14:06,494:INFO:Fitting Model
2023-01-28 19:14:06,574:INFO:Evaluating Metrics
2023-01-28 19:14:06,591:INFO:Compiling Metrics
2023-01-28 19:14:06,597:INFO:Initializing Fold 10
2023-01-28 19:14:06,602:INFO:Fitting Model
2023-01-28 19:14:06,681:INFO:Evaluating Metrics
2023-01-28 19:14:06,702:INFO:Compiling Metrics
2023-01-28 19:14:06,708:INFO:Calculating mean and std
2023-01-28 19:14:06,708:INFO:Creating metrics dataframe
2023-01-28 19:14:06,720:INFO:Initializing Gradient Boosting Classifier
2023-01-28 19:14:06,728:INFO:Initializing Fold 1
2023-01-28 19:14:06,734:INFO:Fitting Model
2023-01-28 19:14:06,845:INFO:Evaluating Metrics
2023-01-28 19:14:06,851:INFO:Compiling Metrics
2023-01-28 19:14:06,856:INFO:Initializing Fold 2
2023-01-28 19:14:06,861:INFO:Fitting Model
2023-01-28 19:14:06,971:INFO:Evaluating Metrics
2023-01-28 19:14:06,978:INFO:Compiling Metrics
2023-01-28 19:14:06,983:INFO:Initializing Fold 3
2023-01-28 19:14:06,987:INFO:Fitting Model
2023-01-28 19:14:07,097:INFO:Evaluating Metrics
2023-01-28 19:14:07,104:INFO:Compiling Metrics
2023-01-28 19:14:07,109:INFO:Initializing Fold 4
2023-01-28 19:14:07,114:INFO:Fitting Model
2023-01-28 19:14:07,222:INFO:Evaluating Metrics
2023-01-28 19:14:07,229:INFO:Compiling Metrics
2023-01-28 19:14:07,234:INFO:Initializing Fold 5
2023-01-28 19:14:07,238:INFO:Fitting Model
2023-01-28 19:14:07,368:INFO:Evaluating Metrics
2023-01-28 19:14:07,375:INFO:Compiling Metrics
2023-01-28 19:14:07,381:INFO:Initializing Fold 6
2023-01-28 19:14:07,386:INFO:Fitting Model
2023-01-28 19:14:07,498:INFO:Evaluating Metrics
2023-01-28 19:14:07,505:INFO:Compiling Metrics
2023-01-28 19:14:07,511:INFO:Initializing Fold 7
2023-01-28 19:14:07,516:INFO:Fitting Model
2023-01-28 19:14:07,630:INFO:Evaluating Metrics
2023-01-28 19:14:07,637:INFO:Compiling Metrics
2023-01-28 19:14:07,642:INFO:Initializing Fold 8
2023-01-28 19:14:07,647:INFO:Fitting Model
2023-01-28 19:14:07,761:INFO:Evaluating Metrics
2023-01-28 19:14:07,768:INFO:Compiling Metrics
2023-01-28 19:14:07,773:INFO:Initializing Fold 9
2023-01-28 19:14:07,778:INFO:Fitting Model
2023-01-28 19:14:07,887:INFO:Evaluating Metrics
2023-01-28 19:14:07,894:INFO:Compiling Metrics
2023-01-28 19:14:07,899:INFO:Initializing Fold 10
2023-01-28 19:14:07,903:INFO:Fitting Model
2023-01-28 19:14:08,015:INFO:Evaluating Metrics
2023-01-28 19:14:08,022:INFO:Compiling Metrics
2023-01-28 19:14:08,027:INFO:Calculating mean and std
2023-01-28 19:14:08,027:INFO:Creating metrics dataframe
2023-01-28 19:14:08,040:INFO:Initializing Linear Discriminant Analysis
2023-01-28 19:14:08,046:INFO:Initializing Fold 1
2023-01-28 19:14:08,052:INFO:Fitting Model
2023-01-28 19:14:08,070:INFO:Evaluating Metrics
2023-01-28 19:14:08,077:INFO:Compiling Metrics
2023-01-28 19:14:08,083:INFO:Initializing Fold 2
2023-01-28 19:14:08,088:INFO:Fitting Model
2023-01-28 19:14:08,095:INFO:Evaluating Metrics
2023-01-28 19:14:08,101:INFO:Compiling Metrics
2023-01-28 19:14:08,106:INFO:Initializing Fold 3
2023-01-28 19:14:08,110:INFO:Fitting Model
2023-01-28 19:14:08,116:INFO:Evaluating Metrics
2023-01-28 19:14:08,123:INFO:Compiling Metrics
2023-01-28 19:14:08,128:INFO:Initializing Fold 4
2023-01-28 19:14:08,134:INFO:Fitting Model
2023-01-28 19:14:08,139:INFO:Evaluating Metrics
2023-01-28 19:14:08,146:INFO:Compiling Metrics
2023-01-28 19:14:08,151:INFO:Initializing Fold 5
2023-01-28 19:14:08,156:INFO:Fitting Model
2023-01-28 19:14:08,161:INFO:Evaluating Metrics
2023-01-28 19:14:08,169:INFO:Compiling Metrics
2023-01-28 19:14:08,173:INFO:Initializing Fold 6
2023-01-28 19:14:08,179:INFO:Fitting Model
2023-01-28 19:14:08,184:INFO:Evaluating Metrics
2023-01-28 19:14:08,190:INFO:Compiling Metrics
2023-01-28 19:14:08,196:INFO:Initializing Fold 7
2023-01-28 19:14:08,201:INFO:Fitting Model
2023-01-28 19:14:08,205:INFO:Evaluating Metrics
2023-01-28 19:14:08,213:INFO:Compiling Metrics
2023-01-28 19:14:08,218:INFO:Initializing Fold 8
2023-01-28 19:14:08,224:INFO:Fitting Model
2023-01-28 19:14:08,229:INFO:Evaluating Metrics
2023-01-28 19:14:08,236:INFO:Compiling Metrics
2023-01-28 19:14:08,241:INFO:Initializing Fold 9
2023-01-28 19:14:08,246:INFO:Fitting Model
2023-01-28 19:14:08,251:INFO:Evaluating Metrics
2023-01-28 19:14:08,258:INFO:Compiling Metrics
2023-01-28 19:14:08,264:INFO:Initializing Fold 10
2023-01-28 19:14:08,272:INFO:Fitting Model
2023-01-28 19:14:08,277:INFO:Evaluating Metrics
2023-01-28 19:14:08,284:INFO:Compiling Metrics
2023-01-28 19:14:08,289:INFO:Calculating mean and std
2023-01-28 19:14:08,289:INFO:Creating metrics dataframe
2023-01-28 19:14:08,302:INFO:Initializing Extra Trees Classifier
2023-01-28 19:14:08,311:INFO:Initializing Fold 1
2023-01-28 19:14:08,317:INFO:Fitting Model
2023-01-28 19:14:08,439:INFO:Evaluating Metrics
2023-01-28 19:14:08,487:INFO:Compiling Metrics
2023-01-28 19:14:08,492:INFO:Initializing Fold 2
2023-01-28 19:14:08,499:INFO:Fitting Model
2023-01-28 19:14:08,620:INFO:Evaluating Metrics
2023-01-28 19:14:08,668:INFO:Compiling Metrics
2023-01-28 19:14:08,673:INFO:Initializing Fold 3
2023-01-28 19:14:08,680:INFO:Fitting Model
2023-01-28 19:14:08,801:INFO:Evaluating Metrics
2023-01-28 19:14:08,848:INFO:Compiling Metrics
2023-01-28 19:14:08,853:INFO:Initializing Fold 4
2023-01-28 19:14:08,860:INFO:Fitting Model
2023-01-28 19:14:08,979:INFO:Evaluating Metrics
2023-01-28 19:14:09,027:INFO:Compiling Metrics
2023-01-28 19:14:09,032:INFO:Initializing Fold 5
2023-01-28 19:14:09,037:INFO:Fitting Model
2023-01-28 19:14:09,157:INFO:Evaluating Metrics
2023-01-28 19:14:09,204:INFO:Compiling Metrics
2023-01-28 19:14:09,210:INFO:Initializing Fold 6
2023-01-28 19:14:09,217:INFO:Fitting Model
2023-01-28 19:14:09,337:INFO:Evaluating Metrics
2023-01-28 19:14:09,383:INFO:Compiling Metrics
2023-01-28 19:14:09,388:INFO:Initializing Fold 7
2023-01-28 19:14:09,393:INFO:Fitting Model
2023-01-28 19:14:09,514:INFO:Evaluating Metrics
2023-01-28 19:14:09,562:INFO:Compiling Metrics
2023-01-28 19:14:09,567:INFO:Initializing Fold 8
2023-01-28 19:14:09,571:INFO:Fitting Model
2023-01-28 19:14:09,696:INFO:Evaluating Metrics
2023-01-28 19:14:09,743:INFO:Compiling Metrics
2023-01-28 19:14:09,749:INFO:Initializing Fold 9
2023-01-28 19:14:09,755:INFO:Fitting Model
2023-01-28 19:14:09,891:INFO:Evaluating Metrics
2023-01-28 19:14:09,938:INFO:Compiling Metrics
2023-01-28 19:14:09,942:INFO:Initializing Fold 10
2023-01-28 19:14:09,947:INFO:Fitting Model
2023-01-28 19:14:10,069:INFO:Evaluating Metrics
2023-01-28 19:14:10,117:INFO:Compiling Metrics
2023-01-28 19:14:10,122:INFO:Calculating mean and std
2023-01-28 19:14:10,122:INFO:Creating metrics dataframe
2023-01-28 19:14:10,137:INFO:Initializing Extreme Gradient Boosting
2023-01-28 19:14:10,143:INFO:Initializing Fold 1
2023-01-28 19:14:10,150:INFO:Fitting Model
2023-01-28 19:14:10,701:INFO:Evaluating Metrics
2023-01-28 19:14:10,721:INFO:Compiling Metrics
2023-01-28 19:14:10,734:INFO:Initializing Fold 2
2023-01-28 19:14:10,743:INFO:Fitting Model
2023-01-28 19:14:10,856:INFO:Evaluating Metrics
2023-01-28 19:14:10,876:INFO:Compiling Metrics
2023-01-28 19:14:10,888:INFO:Initializing Fold 3
2023-01-28 19:14:10,898:INFO:Fitting Model
2023-01-28 19:14:11,007:INFO:Evaluating Metrics
2023-01-28 19:14:11,028:INFO:Compiling Metrics
2023-01-28 19:14:11,040:INFO:Initializing Fold 4
2023-01-28 19:14:11,049:INFO:Fitting Model
2023-01-28 19:14:11,158:INFO:Evaluating Metrics
2023-01-28 19:14:11,178:INFO:Compiling Metrics
2023-01-28 19:14:11,190:INFO:Initializing Fold 5
2023-01-28 19:14:11,199:INFO:Fitting Model
2023-01-28 19:14:11,307:INFO:Evaluating Metrics
2023-01-28 19:14:11,327:INFO:Compiling Metrics
2023-01-28 19:14:11,339:INFO:Initializing Fold 6
2023-01-28 19:14:11,349:INFO:Fitting Model
2023-01-28 19:14:11,459:INFO:Evaluating Metrics
2023-01-28 19:14:11,479:INFO:Compiling Metrics
2023-01-28 19:14:11,491:INFO:Initializing Fold 7
2023-01-28 19:14:11,501:INFO:Fitting Model
2023-01-28 19:14:11,609:INFO:Evaluating Metrics
2023-01-28 19:14:11,629:INFO:Compiling Metrics
2023-01-28 19:14:11,641:INFO:Initializing Fold 8
2023-01-28 19:14:11,650:INFO:Fitting Model
2023-01-28 19:14:11,758:INFO:Evaluating Metrics
2023-01-28 19:14:11,778:INFO:Compiling Metrics
2023-01-28 19:14:11,790:INFO:Initializing Fold 9
2023-01-28 19:14:11,800:INFO:Fitting Model
2023-01-28 19:14:11,909:INFO:Evaluating Metrics
2023-01-28 19:14:11,930:INFO:Compiling Metrics
2023-01-28 19:14:11,942:INFO:Initializing Fold 10
2023-01-28 19:14:11,953:INFO:Fitting Model
2023-01-28 19:14:12,063:INFO:Evaluating Metrics
2023-01-28 19:14:12,084:INFO:Compiling Metrics
2023-01-28 19:14:12,097:INFO:Calculating mean and std
2023-01-28 19:14:12,098:INFO:Creating metrics dataframe
2023-01-28 19:14:12,138:INFO:Initializing Light Gradient Boosting Machine
2023-01-28 19:14:12,150:INFO:Initializing Fold 1
2023-01-28 19:14:12,160:INFO:Fitting Model
2023-01-28 19:14:12,241:INFO:Evaluating Metrics
2023-01-28 19:14:12,255:INFO:Compiling Metrics
2023-01-28 19:14:12,268:INFO:Initializing Fold 2
2023-01-28 19:14:12,277:INFO:Fitting Model
2023-01-28 19:14:12,344:INFO:Evaluating Metrics
2023-01-28 19:14:12,356:INFO:Compiling Metrics
2023-01-28 19:14:12,369:INFO:Initializing Fold 3
2023-01-28 19:14:12,379:INFO:Fitting Model
2023-01-28 19:14:12,440:INFO:Evaluating Metrics
2023-01-28 19:14:12,454:INFO:Compiling Metrics
2023-01-28 19:14:12,467:INFO:Initializing Fold 4
2023-01-28 19:14:12,477:INFO:Fitting Model
2023-01-28 19:14:12,539:INFO:Evaluating Metrics
2023-01-28 19:14:12,553:INFO:Compiling Metrics
2023-01-28 19:14:12,565:INFO:Initializing Fold 5
2023-01-28 19:14:12,574:INFO:Fitting Model
2023-01-28 19:14:12,639:INFO:Evaluating Metrics
2023-01-28 19:14:12,652:INFO:Compiling Metrics
2023-01-28 19:14:12,665:INFO:Initializing Fold 6
2023-01-28 19:14:12,676:INFO:Fitting Model
2023-01-28 19:14:12,735:INFO:Evaluating Metrics
2023-01-28 19:14:12,749:INFO:Compiling Metrics
2023-01-28 19:14:12,761:INFO:Initializing Fold 7
2023-01-28 19:14:12,771:INFO:Fitting Model
2023-01-28 19:14:12,829:INFO:Evaluating Metrics
2023-01-28 19:14:12,843:INFO:Compiling Metrics
2023-01-28 19:14:12,856:INFO:Initializing Fold 8
2023-01-28 19:14:12,866:INFO:Fitting Model
2023-01-28 19:14:12,947:INFO:Evaluating Metrics
2023-01-28 19:14:12,961:INFO:Compiling Metrics
2023-01-28 19:14:12,973:INFO:Initializing Fold 9
2023-01-28 19:14:12,983:INFO:Fitting Model
2023-01-28 19:14:13,047:INFO:Evaluating Metrics
2023-01-28 19:14:13,061:INFO:Compiling Metrics
2023-01-28 19:14:13,073:INFO:Initializing Fold 10
2023-01-28 19:14:13,084:INFO:Fitting Model
2023-01-28 19:14:13,142:INFO:Evaluating Metrics
2023-01-28 19:14:13,156:INFO:Compiling Metrics
2023-01-28 19:14:13,168:INFO:Calculating mean and std
2023-01-28 19:14:13,169:INFO:Creating metrics dataframe
2023-01-28 19:14:13,221:INFO:Initializing CatBoost Classifier
2023-01-28 19:14:13,232:INFO:Initializing Fold 1
2023-01-28 19:14:13,241:INFO:Fitting Model
2023-01-28 19:14:16,065:INFO:Evaluating Metrics
2023-01-28 19:14:16,082:INFO:Compiling Metrics
2023-01-28 19:14:16,092:INFO:Initializing Fold 2
2023-01-28 19:14:16,103:INFO:Fitting Model
2023-01-28 19:14:18,462:INFO:Evaluating Metrics
2023-01-28 19:14:18,472:INFO:Compiling Metrics
2023-01-28 19:14:18,479:INFO:Initializing Fold 3
2023-01-28 19:14:18,485:INFO:Fitting Model
2023-01-28 19:14:20,908:INFO:Evaluating Metrics
2023-01-28 19:14:20,921:INFO:Compiling Metrics
2023-01-28 19:14:20,928:INFO:Initializing Fold 4
2023-01-28 19:14:20,935:INFO:Fitting Model
2023-01-28 19:14:23,431:INFO:Evaluating Metrics
2023-01-28 19:14:23,445:INFO:Compiling Metrics
2023-01-28 19:14:23,454:INFO:Initializing Fold 5
2023-01-28 19:14:23,460:INFO:Fitting Model
2023-01-28 19:14:25,887:INFO:Evaluating Metrics
2023-01-28 19:14:25,902:INFO:Compiling Metrics
2023-01-28 19:14:25,910:INFO:Initializing Fold 6
2023-01-28 19:14:25,919:INFO:Fitting Model
2023-01-28 19:14:28,282:INFO:Evaluating Metrics
2023-01-28 19:14:28,294:INFO:Compiling Metrics
2023-01-28 19:14:28,300:INFO:Initializing Fold 7
2023-01-28 19:14:28,306:INFO:Fitting Model
2023-01-28 19:14:30,724:INFO:Evaluating Metrics
2023-01-28 19:14:30,736:INFO:Compiling Metrics
2023-01-28 19:14:30,742:INFO:Initializing Fold 8
2023-01-28 19:14:30,748:INFO:Fitting Model
2023-01-28 19:14:33,099:INFO:Evaluating Metrics
2023-01-28 19:14:33,113:INFO:Compiling Metrics
2023-01-28 19:14:33,125:INFO:Initializing Fold 9
2023-01-28 19:14:33,136:INFO:Fitting Model
2023-01-28 19:14:35,502:INFO:Evaluating Metrics
2023-01-28 19:14:35,515:INFO:Compiling Metrics
2023-01-28 19:14:35,522:INFO:Initializing Fold 10
2023-01-28 19:14:35,527:INFO:Fitting Model
2023-01-28 19:14:37,909:INFO:Evaluating Metrics
2023-01-28 19:14:37,923:INFO:Compiling Metrics
2023-01-28 19:14:37,932:INFO:Calculating mean and std
2023-01-28 19:14:37,933:INFO:Creating metrics dataframe
2023-01-28 19:14:37,966:INFO:Finalizing top_n models
2023-01-28 19:14:37,967:INFO:SubProcess create_model() called ==================================
2023-01-28 19:14:37,975:INFO:Initializing create_model()
2023-01-28 19:14:37,975:INFO:create_model(estimator=catboost, ensemble=False, method=None, fold=10, round=4, cross_validation=True, verbose=False, system=False)
2023-01-28 19:14:37,976:INFO:Checking exceptions
2023-01-28 19:14:37,976:INFO:Preloading libraries
2023-01-28 19:14:37,976:INFO:Preparing display monitor
2023-01-28 19:14:37,981:INFO:Copying training dataset
2023-01-28 19:14:37,981:INFO:Importing libraries
2023-01-28 19:14:37,982:INFO:Defining folds
2023-01-28 19:14:37,982:INFO:Declaring metric variables
2023-01-28 19:14:37,982:INFO:Importing untrained model
2023-01-28 19:14:37,982:INFO:CatBoost Classifier Imported succesfully
2023-01-28 19:14:37,983:INFO:Checking ensemble method
2023-01-28 19:14:37,985:INFO:Initializing Fold 1
2023-01-28 19:14:37,986:INFO:Fitting Model
2023-01-28 19:14:40,895:INFO:Evaluating Metrics
2023-01-28 19:14:40,910:INFO:Compiling Metrics
2023-01-28 19:14:40,919:INFO:Initializing Fold 2
2023-01-28 19:14:40,920:INFO:Fitting Model
2023-01-28 19:14:43,729:INFO:Evaluating Metrics
2023-01-28 19:14:43,737:INFO:Compiling Metrics
2023-01-28 19:14:43,741:INFO:Initializing Fold 3
2023-01-28 19:14:43,742:INFO:Fitting Model
2023-01-28 19:14:46,609:INFO:Evaluating Metrics
2023-01-28 19:14:46,622:INFO:Compiling Metrics
2023-01-28 19:14:46,627:INFO:Initializing Fold 4
2023-01-28 19:14:46,628:INFO:Fitting Model
2023-01-28 19:14:49,386:INFO:Evaluating Metrics
2023-01-28 19:14:49,397:INFO:Compiling Metrics
2023-01-28 19:14:49,402:INFO:Initializing Fold 5
2023-01-28 19:14:49,404:INFO:Fitting Model
2023-01-28 19:14:52,132:INFO:Evaluating Metrics
2023-01-28 19:14:52,146:INFO:Compiling Metrics
2023-01-28 19:14:52,155:INFO:Initializing Fold 6
2023-01-28 19:14:52,156:INFO:Fitting Model
2023-01-28 19:14:54,901:INFO:Evaluating Metrics
2023-01-28 19:14:54,916:INFO:Compiling Metrics
2023-01-28 19:14:54,924:INFO:Initializing Fold 7
2023-01-28 19:14:54,925:INFO:Fitting Model
2023-01-28 19:14:57,738:INFO:Evaluating Metrics
2023-01-28 19:14:57,753:INFO:Compiling Metrics
2023-01-28 19:14:57,762:INFO:Initializing Fold 8
2023-01-28 19:14:57,764:INFO:Fitting Model
2023-01-28 19:15:00,461:INFO:Evaluating Metrics
2023-01-28 19:15:00,474:INFO:Compiling Metrics
2023-01-28 19:15:00,480:INFO:Initializing Fold 9
2023-01-28 19:15:00,480:INFO:Fitting Model
2023-01-28 19:15:03,154:INFO:Evaluating Metrics
2023-01-28 19:15:03,167:INFO:Compiling Metrics
2023-01-28 19:15:03,174:INFO:Initializing Fold 10
2023-01-28 19:15:03,175:INFO:Fitting Model
2023-01-28 19:15:05,885:INFO:Evaluating Metrics
2023-01-28 19:15:05,899:INFO:Compiling Metrics
2023-01-28 19:15:05,907:INFO:Calculating mean and std
2023-01-28 19:15:05,909:INFO:Creating metrics dataframe
2023-01-28 19:15:05,915:INFO:Finalizing model
2023-01-28 19:15:08,668:INFO:Uploading results into container
2023-01-28 19:15:08,668:INFO:Uploading model into container now
2023-01-28 19:15:08,668:INFO:create_model_container: 1
2023-01-28 19:15:08,669:INFO:master_model_container: 1
2023-01-28 19:15:08,669:INFO:display_container: 1
2023-01-28 19:15:08,669:INFO:<catboost.core.CatBoostClassifier object at 0x0000012A248571C0>
2023-01-28 19:15:08,669:INFO:create_model() succesfully completed......................................
2023-01-28 19:15:08,670:INFO:SubProcess create_model() end ==================================
2023-01-28 19:15:08,702:INFO:create_model_container: 1
2023-01-28 19:15:08,702:INFO:master_model_container: 1
2023-01-28 19:15:08,702:INFO:display_container: 2
2023-01-28 19:15:08,702:INFO:<catboost.core.CatBoostClassifier object at 0x0000012A248571C0>
2023-01-28 19:15:08,702:INFO:compare_models() succesfully completed......................................
2023-01-28 19:16:27,682:INFO:Initializing tune_model()
2023-01-28 19:16:27,682:INFO:tune_model(estimator=catboost, fold=10, round=4, n_iter=10, custom_grid=None, optimize=AUC, choose_better=False, verbose=True)
2023-01-28 19:16:27,682:INFO:Checking exceptions
2023-01-28 19:16:42,878:INFO:Initializing tune_model()
2023-01-28 19:16:42,880:INFO:tune_model(estimator=catboost, fold=10, round=4, n_iter=10, custom_grid=None, optimize=AUC, choose_better=False, verbose=True)
2023-01-28 19:16:42,880:INFO:Checking exceptions
2023-01-28 19:20:13,656:INFO:Initializing tune_model()
2023-01-28 19:20:13,656:INFO:tune_model(estimator=catboost, fold=10, round=4, n_iter=10, custom_grid=None, optimize=AUC, choose_better=False, verbose=True)
2023-01-28 19:20:13,656:INFO:Checking exceptions
2023-01-28 19:21:11,503:INFO:Initializing tune_model()
2023-01-28 19:21:11,503:INFO:tune_model(estimator=CatBoost Classifier, fold=10, round=4, n_iter=10, custom_grid=None, optimize=AUC, choose_better=False, verbose=True)
2023-01-28 19:21:11,503:INFO:Checking exceptions
2023-01-28 19:22:47,552:INFO:Initializing tune_model()
2023-01-28 19:22:47,552:INFO:tune_model(estimator=None, fold=10, round=4, n_iter=10, custom_grid=None, optimize=AUC, choose_better=False, verbose=True)
2023-01-28 19:22:47,552:INFO:Checking exceptions
2023-01-28 19:22:47,553:INFO:Preloading libraries
2023-01-28 19:22:47,553:INFO:Preparing display monitor
2023-01-28 19:22:47,572:INFO:Copying training dataset
2023-01-28 19:22:47,574:INFO:Importing libraries
2023-01-28 19:22:47,574:INFO:Checking base model
2023-01-28 19:23:55,015:INFO:Initializing tune_model()
2023-01-28 19:23:55,015:INFO:tune_model(estimator=CatBoost, fold=10, round=4, n_iter=10, custom_grid=None, optimize=AUC, choose_better=False, verbose=True)
2023-01-28 19:23:55,015:INFO:Checking exceptions
2023-01-28 19:24:26,817:INFO:Initializing create_model()
2023-01-28 19:24:26,818:INFO:create_model(estimator=lr, ensemble=False, method=None, fold=10, round=4, cross_validation=True, verbose=True, system=True)
2023-01-28 19:24:26,818:INFO:Checking exceptions
2023-01-28 19:24:26,818:INFO:Preloading libraries
2023-01-28 19:24:26,818:INFO:Preparing display monitor
2023-01-28 19:24:26,834:INFO:Copying training dataset
2023-01-28 19:24:26,834:INFO:Importing libraries
2023-01-28 19:24:26,835:INFO:Defining folds
2023-01-28 19:24:26,835:INFO:Declaring metric variables
2023-01-28 19:24:26,839:INFO:Importing untrained model
2023-01-28 19:24:26,839:INFO:Logistic Regression Imported succesfully
2023-01-28 19:24:26,840:INFO:Checking ensemble method
2023-01-28 19:24:26,847:INFO:Initializing Fold 1
2023-01-28 19:24:26,851:INFO:Fitting Model
2023-01-28 19:24:26,875:INFO:Evaluating Metrics
2023-01-28 19:24:26,884:INFO:Compiling Metrics
2023-01-28 19:24:26,900:INFO:Initializing Fold 2
2023-01-28 19:24:26,907:INFO:Fitting Model
2023-01-28 19:24:26,943:INFO:Evaluating Metrics
2023-01-28 19:24:26,950:INFO:Compiling Metrics
2023-01-28 19:24:26,971:INFO:Initializing Fold 3
2023-01-28 19:24:26,977:INFO:Fitting Model
2023-01-28 19:24:26,997:INFO:Evaluating Metrics
2023-01-28 19:24:27,004:INFO:Compiling Metrics
2023-01-28 19:24:27,018:INFO:Initializing Fold 4
2023-01-28 19:24:27,023:INFO:Fitting Model
2023-01-28 19:24:27,041:INFO:Evaluating Metrics
2023-01-28 19:24:27,047:INFO:Compiling Metrics
2023-01-28 19:24:27,063:INFO:Initializing Fold 5
2023-01-28 19:24:27,070:INFO:Fitting Model
2023-01-28 19:24:27,088:INFO:Evaluating Metrics
2023-01-28 19:24:27,095:INFO:Compiling Metrics
2023-01-28 19:24:27,110:INFO:Initializing Fold 6
2023-01-28 19:24:27,117:INFO:Fitting Model
2023-01-28 19:24:27,135:INFO:Evaluating Metrics
2023-01-28 19:24:27,142:INFO:Compiling Metrics
2023-01-28 19:24:27,157:INFO:Initializing Fold 7
2023-01-28 19:24:27,163:INFO:Fitting Model
2023-01-28 19:24:27,182:INFO:Evaluating Metrics
2023-01-28 19:24:27,189:INFO:Compiling Metrics
2023-01-28 19:24:27,207:INFO:Initializing Fold 8
2023-01-28 19:24:27,211:INFO:Fitting Model
2023-01-28 19:24:27,231:INFO:Evaluating Metrics
2023-01-28 19:24:27,238:INFO:Compiling Metrics
2023-01-28 19:24:27,253:INFO:Initializing Fold 9
2023-01-28 19:24:27,259:INFO:Fitting Model
2023-01-28 19:24:27,278:INFO:Evaluating Metrics
2023-01-28 19:24:27,286:INFO:Compiling Metrics
2023-01-28 19:24:27,306:INFO:Initializing Fold 10
2023-01-28 19:24:27,313:INFO:Fitting Model
2023-01-28 19:24:27,332:INFO:Evaluating Metrics
2023-01-28 19:24:27,342:INFO:Compiling Metrics
2023-01-28 19:24:27,358:INFO:Calculating mean and std
2023-01-28 19:24:27,360:INFO:Creating metrics dataframe
2023-01-28 19:24:27,368:INFO:Finalizing model
2023-01-28 19:24:27,389:INFO:Uploading results into container
2023-01-28 19:24:27,389:INFO:Uploading model into container now
2023-01-28 19:24:27,398:INFO:create_model_container: 2
2023-01-28 19:24:27,399:INFO:master_model_container: 2
2023-01-28 19:24:27,399:INFO:display_container: 3
2023-01-28 19:24:27,399:INFO:LogisticRegression(C=1.0, class_weight=None, dual=False, fit_intercept=True,
                   intercept_scaling=1, l1_ratio=None, max_iter=100,
                   multi_class='auto', n_jobs=None, penalty='l2',
                   random_state=1229, solver='lbfgs', tol=0.0001, verbose=0,
                   warm_start=False)
2023-01-28 19:24:27,399:INFO:create_model() succesfully completed......................................
2023-01-28 19:24:44,012:INFO:Initializing tune_model()
2023-01-28 19:24:44,012:INFO:tune_model(estimator=lr, fold=10, round=4, n_iter=10, custom_grid=None, optimize=AUC, choose_better=False, verbose=True)
2023-01-28 19:24:44,012:INFO:Checking exceptions
2023-01-28 19:24:50,918:INFO:Initializing tune_model()
2023-01-28 19:24:50,919:INFO:tune_model(estimator=LogisticRegression(C=1.0, class_weight=None, dual=False, fit_intercept=True,
                   intercept_scaling=1, l1_ratio=None, max_iter=100,
                   multi_class='auto', n_jobs=None, penalty='l2',
                   random_state=1229, solver='lbfgs', tol=0.0001, verbose=0,
                   warm_start=False), fold=10, round=4, n_iter=10, custom_grid=None, optimize=AUC, choose_better=False, verbose=True)
2023-01-28 19:24:50,919:INFO:Checking exceptions
2023-01-28 19:24:50,920:INFO:Preloading libraries
2023-01-28 19:24:50,920:INFO:Preparing display monitor
2023-01-28 19:24:50,938:INFO:Copying training dataset
2023-01-28 19:24:50,939:INFO:Importing libraries
2023-01-28 19:24:50,940:INFO:Checking base model
2023-01-28 19:24:50,940:INFO:Base model : Logistic Regression
2023-01-28 19:24:50,941:INFO:Defining folds
2023-01-28 19:24:50,941:INFO:Declaring metric variables
2023-01-28 19:24:50,947:INFO:Defining Hyperparameters
2023-01-28 19:24:50,947:INFO:Initializing RandomizedSearchCV
2023-01-28 19:25:15,283:INFO:Initializing create_model()
2023-01-28 19:25:15,283:INFO:create_model(estimator=gbc, ensemble=False, method=None, fold=10, round=4, cross_validation=True, verbose=True, system=True)
2023-01-28 19:25:15,283:INFO:Checking exceptions
2023-01-28 19:25:15,283:INFO:Preloading libraries
2023-01-28 19:25:15,284:INFO:Preparing display monitor
2023-01-28 19:25:15,304:INFO:Copying training dataset
2023-01-28 19:25:15,304:INFO:Importing libraries
2023-01-28 19:25:15,305:INFO:Defining folds
2023-01-28 19:25:15,305:INFO:Declaring metric variables
2023-01-28 19:25:15,309:INFO:Importing untrained model
2023-01-28 19:25:15,310:INFO:Gradient Boosting Classifier Imported succesfully
2023-01-28 19:25:15,310:INFO:Checking ensemble method
2023-01-28 19:25:15,319:INFO:Initializing Fold 1
2023-01-28 19:25:15,324:INFO:Fitting Model
2023-01-28 19:25:15,443:INFO:Evaluating Metrics
2023-01-28 19:25:15,450:INFO:Compiling Metrics
2023-01-28 19:25:15,463:INFO:Initializing Fold 2
2023-01-28 19:25:15,469:INFO:Fitting Model
2023-01-28 19:25:15,580:INFO:Evaluating Metrics
2023-01-28 19:25:15,587:INFO:Compiling Metrics
2023-01-28 19:25:15,603:INFO:Initializing Fold 3
2023-01-28 19:25:15,607:INFO:Fitting Model
2023-01-28 19:25:15,717:INFO:Evaluating Metrics
2023-01-28 19:25:15,724:INFO:Compiling Metrics
2023-01-28 19:25:15,738:INFO:Initializing Fold 4
2023-01-28 19:25:15,743:INFO:Fitting Model
2023-01-28 19:25:15,855:INFO:Evaluating Metrics
2023-01-28 19:25:15,862:INFO:Compiling Metrics
2023-01-28 19:25:15,876:INFO:Initializing Fold 5
2023-01-28 19:25:15,881:INFO:Fitting Model
2023-01-28 19:25:15,993:INFO:Evaluating Metrics
2023-01-28 19:25:15,999:INFO:Compiling Metrics
2023-01-28 19:25:16,015:INFO:Initializing Fold 6
2023-01-28 19:25:16,021:INFO:Fitting Model
2023-01-28 19:25:16,133:INFO:Evaluating Metrics
2023-01-28 19:25:16,140:INFO:Compiling Metrics
2023-01-28 19:25:16,155:INFO:Initializing Fold 7
2023-01-28 19:25:16,160:INFO:Fitting Model
2023-01-28 19:25:16,272:INFO:Evaluating Metrics
2023-01-28 19:25:16,278:INFO:Compiling Metrics
2023-01-28 19:25:16,294:INFO:Initializing Fold 8
2023-01-28 19:25:16,301:INFO:Fitting Model
2023-01-28 19:25:16,433:INFO:Evaluating Metrics
2023-01-28 19:25:16,439:INFO:Compiling Metrics
2023-01-28 19:25:16,455:INFO:Initializing Fold 9
2023-01-28 19:25:16,460:INFO:Fitting Model
2023-01-28 19:25:16,576:INFO:Evaluating Metrics
2023-01-28 19:25:16,582:INFO:Compiling Metrics
2023-01-28 19:25:16,598:INFO:Initializing Fold 10
2023-01-28 19:25:16,604:INFO:Fitting Model
2023-01-28 19:25:16,715:INFO:Evaluating Metrics
2023-01-28 19:25:16,721:INFO:Compiling Metrics
2023-01-28 19:25:16,737:INFO:Calculating mean and std
2023-01-28 19:25:16,739:INFO:Creating metrics dataframe
2023-01-28 19:25:16,748:INFO:Finalizing model
2023-01-28 19:25:16,873:INFO:Uploading results into container
2023-01-28 19:25:16,873:INFO:Uploading model into container now
2023-01-28 19:25:16,881:INFO:create_model_container: 3
2023-01-28 19:25:16,881:INFO:master_model_container: 3
2023-01-28 19:25:16,882:INFO:display_container: 4
2023-01-28 19:25:16,882:INFO:GradientBoostingClassifier(ccp_alpha=0.0, criterion='friedman_mse', init=None,
                           learning_rate=0.1, loss='log_loss', max_depth=3,
                           max_features=None, max_leaf_nodes=None,
                           min_impurity_decrease=0.0, min_samples_leaf=1,
                           min_samples_split=2, min_weight_fraction_leaf=0.0,
                           n_estimators=100, n_iter_no_change=None,
                           random_state=1229, subsample=1.0, tol=0.0001,
                           validation_fraction=0.1, verbose=0,
                           warm_start=False)
2023-01-28 19:25:16,883:INFO:create_model() succesfully completed......................................
2023-01-28 19:25:23,896:INFO:Initializing tune_model()
2023-01-28 19:25:23,897:INFO:tune_model(estimator=lr, fold=10, round=4, n_iter=10, custom_grid=None, optimize=AUC, choose_better=False, verbose=True)
2023-01-28 19:25:23,897:INFO:Checking exceptions
2023-01-28 19:25:42,474:INFO:Initializing tune_model()
2023-01-28 19:25:42,474:INFO:tune_model(estimator=gbc, fold=10, round=4, n_iter=10, custom_grid=None, optimize=AUC, choose_better=False, verbose=True)
2023-01-28 19:25:42,475:INFO:Checking exceptions
2023-01-28 19:25:47,059:INFO:Initializing tune_model()
2023-01-28 19:25:47,060:INFO:tune_model(estimator=GradientBoostingClassifier(ccp_alpha=0.0, criterion='friedman_mse', init=None,
                           learning_rate=0.1, loss='log_loss', max_depth=3,
                           max_features=None, max_leaf_nodes=None,
                           min_impurity_decrease=0.0, min_samples_leaf=1,
                           min_samples_split=2, min_weight_fraction_leaf=0.0,
                           n_estimators=100, n_iter_no_change=None,
                           random_state=1229, subsample=1.0, tol=0.0001,
                           validation_fraction=0.1, verbose=0,
                           warm_start=False), fold=10, round=4, n_iter=10, custom_grid=None, optimize=AUC, choose_better=False, verbose=True)
2023-01-28 19:25:47,060:INFO:Checking exceptions
2023-01-28 19:25:47,061:INFO:Preloading libraries
2023-01-28 19:25:47,061:INFO:Preparing display monitor
2023-01-28 19:25:47,081:INFO:Copying training dataset
2023-01-28 19:25:47,082:INFO:Importing libraries
2023-01-28 19:25:47,083:INFO:Checking base model
2023-01-28 19:25:47,084:INFO:Base model : Gradient Boosting Classifier
2023-01-28 19:25:47,085:INFO:Defining folds
2023-01-28 19:25:47,085:INFO:Declaring metric variables
2023-01-28 19:25:47,088:INFO:Defining Hyperparameters
2023-01-28 19:25:47,088:INFO:Initializing RandomizedSearchCV
2023-01-28 19:25:54,144:INFO:Random search completed
2023-01-28 19:25:54,150:INFO:Initializing Fold 1
2023-01-28 19:25:54,157:INFO:Fitting Model
2023-01-28 19:25:54,232:INFO:Evaluating Metrics
2023-01-28 19:25:54,240:INFO:Compiling Metrics
2023-01-28 19:25:54,263:INFO:Initializing Fold 2
2023-01-28 19:25:54,268:INFO:Fitting Model
2023-01-28 19:25:54,337:INFO:Evaluating Metrics
2023-01-28 19:25:54,344:INFO:Compiling Metrics
2023-01-28 19:25:54,361:INFO:Initializing Fold 3
2023-01-28 19:25:54,367:INFO:Fitting Model
2023-01-28 19:25:54,431:INFO:Evaluating Metrics
2023-01-28 19:25:54,437:INFO:Compiling Metrics
2023-01-28 19:25:54,454:INFO:Initializing Fold 4
2023-01-28 19:25:54,459:INFO:Fitting Model
2023-01-28 19:25:54,524:INFO:Evaluating Metrics
2023-01-28 19:25:54,531:INFO:Compiling Metrics
2023-01-28 19:25:54,551:INFO:Initializing Fold 5
2023-01-28 19:25:54,556:INFO:Fitting Model
2023-01-28 19:25:54,629:INFO:Evaluating Metrics
2023-01-28 19:25:54,635:INFO:Compiling Metrics
2023-01-28 19:25:54,653:INFO:Initializing Fold 6
2023-01-28 19:25:54,659:INFO:Fitting Model
2023-01-28 19:25:54,728:INFO:Evaluating Metrics
2023-01-28 19:25:54,735:INFO:Compiling Metrics
2023-01-28 19:25:54,754:INFO:Initializing Fold 7
2023-01-28 19:25:54,759:INFO:Fitting Model
2023-01-28 19:25:54,824:INFO:Evaluating Metrics
2023-01-28 19:25:54,831:INFO:Compiling Metrics
2023-01-28 19:25:54,849:INFO:Initializing Fold 8
2023-01-28 19:25:54,855:INFO:Fitting Model
2023-01-28 19:25:54,922:INFO:Evaluating Metrics
2023-01-28 19:25:54,929:INFO:Compiling Metrics
2023-01-28 19:25:54,948:INFO:Initializing Fold 9
2023-01-28 19:25:54,953:INFO:Fitting Model
2023-01-28 19:25:55,021:INFO:Evaluating Metrics
2023-01-28 19:25:55,029:INFO:Compiling Metrics
2023-01-28 19:25:55,048:INFO:Initializing Fold 10
2023-01-28 19:25:55,053:INFO:Fitting Model
2023-01-28 19:25:55,144:INFO:Evaluating Metrics
2023-01-28 19:25:55,151:INFO:Compiling Metrics
2023-01-28 19:25:55,170:INFO:Calculating mean and std
2023-01-28 19:25:55,170:INFO:Creating metrics dataframe
2023-01-28 19:25:55,178:INFO:Finalizing model
2023-01-28 19:25:55,247:INFO:Uploading results into container
2023-01-28 19:25:55,247:INFO:Uploading model into container
2023-01-28 19:25:55,256:INFO:create_model_container: 4
2023-01-28 19:25:55,256:INFO:master_model_container: 4
2023-01-28 19:25:55,256:INFO:display_container: 5
2023-01-28 19:25:55,257:INFO:GradientBoostingClassifier(ccp_alpha=0.0, criterion='friedman_mse', init=None,
                           learning_rate=0.08, loss='log_loss', max_depth=80,
                           max_features='log2', max_leaf_nodes=None,
                           min_impurity_decrease=0.0, min_samples_leaf=3,
                           min_samples_split=10, min_weight_fraction_leaf=0.0,
                           n_estimators=55, n_iter_no_change=None,
                           random_state=1229, subsample=0.30000000000000004,
                           tol=0.0001, validation_fraction=0.1, verbose=0,
                           warm_start=False)
2023-01-28 19:25:55,257:INFO:tune_model() succesfully completed......................................
2023-01-28 19:25:57,999:INFO:Initializing create_model()
2023-01-28 19:25:57,999:INFO:create_model(estimator=xgboost, ensemble=False, method=None, fold=10, round=4, cross_validation=True, verbose=True, system=True)
2023-01-28 19:25:57,999:INFO:Checking exceptions
2023-01-28 19:25:57,999:INFO:Preloading libraries
2023-01-28 19:25:57,999:INFO:Preparing display monitor
2023-01-28 19:25:58,017:INFO:Copying training dataset
2023-01-28 19:25:58,018:INFO:Importing libraries
2023-01-28 19:25:58,018:INFO:Defining folds
2023-01-28 19:25:58,018:INFO:Declaring metric variables
2023-01-28 19:25:58,023:INFO:Importing untrained model
2023-01-28 19:25:58,023:INFO:Extreme Gradient Boosting Imported succesfully
2023-01-28 19:25:58,023:INFO:Checking ensemble method
2023-01-28 19:25:58,030:INFO:Initializing Fold 1
2023-01-28 19:25:58,035:INFO:Fitting Model
2023-01-28 19:25:58,158:INFO:Evaluating Metrics
2023-01-28 19:25:58,178:INFO:Compiling Metrics
2023-01-28 19:25:58,211:INFO:Initializing Fold 2
2023-01-28 19:25:58,219:INFO:Fitting Model
2023-01-28 19:25:58,323:INFO:Evaluating Metrics
2023-01-28 19:25:58,342:INFO:Compiling Metrics
2023-01-28 19:25:58,375:INFO:Initializing Fold 3
2023-01-28 19:25:58,383:INFO:Fitting Model
2023-01-28 19:25:58,493:INFO:Evaluating Metrics
2023-01-28 19:25:58,513:INFO:Compiling Metrics
2023-01-28 19:25:58,547:INFO:Initializing Fold 4
2023-01-28 19:25:58,556:INFO:Fitting Model
2023-01-28 19:25:58,661:INFO:Evaluating Metrics
2023-01-28 19:25:58,681:INFO:Compiling Metrics
2023-01-28 19:25:58,716:INFO:Initializing Fold 5
2023-01-28 19:25:58,724:INFO:Fitting Model
2023-01-28 19:25:58,832:INFO:Evaluating Metrics
2023-01-28 19:25:58,852:INFO:Compiling Metrics
2023-01-28 19:25:58,888:INFO:Initializing Fold 6
2023-01-28 19:25:58,898:INFO:Fitting Model
2023-01-28 19:25:59,010:INFO:Evaluating Metrics
2023-01-28 19:25:59,030:INFO:Compiling Metrics
2023-01-28 19:25:59,069:INFO:Initializing Fold 7
2023-01-28 19:25:59,079:INFO:Fitting Model
2023-01-28 19:25:59,217:INFO:Evaluating Metrics
2023-01-28 19:25:59,237:INFO:Compiling Metrics
2023-01-28 19:25:59,275:INFO:Initializing Fold 8
2023-01-28 19:25:59,284:INFO:Fitting Model
2023-01-28 19:25:59,393:INFO:Evaluating Metrics
2023-01-28 19:25:59,412:INFO:Compiling Metrics
2023-01-28 19:25:59,450:INFO:Initializing Fold 9
2023-01-28 19:25:59,458:INFO:Fitting Model
2023-01-28 19:25:59,570:INFO:Evaluating Metrics
2023-01-28 19:25:59,591:INFO:Compiling Metrics
2023-01-28 19:25:59,631:INFO:Initializing Fold 10
2023-01-28 19:25:59,640:INFO:Fitting Model
2023-01-28 19:25:59,751:INFO:Evaluating Metrics
2023-01-28 19:25:59,771:INFO:Compiling Metrics
2023-01-28 19:25:59,814:INFO:Calculating mean and std
2023-01-28 19:25:59,819:INFO:Creating metrics dataframe
2023-01-28 19:25:59,833:INFO:Finalizing model
2023-01-28 19:25:59,952:INFO:Uploading results into container
2023-01-28 19:25:59,952:INFO:Uploading model into container now
2023-01-28 19:25:59,974:INFO:create_model_container: 5
2023-01-28 19:25:59,974:INFO:master_model_container: 5
2023-01-28 19:25:59,974:INFO:display_container: 6
2023-01-28 19:25:59,977:INFO:XGBClassifier(base_score=None, booster=None, callbacks=None,
              colsample_bylevel=None, colsample_bynode=None,
              colsample_bytree=None, early_stopping_rounds=None,
              enable_categorical=False, eval_metric=None, feature_types=None,
              gamma=None, gpu_id=None, grow_policy=None, importance_type=None,
              interaction_constraints=None, learning_rate=None, max_bin=None,
              max_cat_threshold=None, max_cat_to_onehot=None,
              max_delta_step=None, max_depth=None, max_leaves=None,
              min_child_weight=None, missing=nan, monotone_constraints=None,
              n_estimators=100, n_jobs=-1, num_parallel_tree=None,
              objective='binary:logistic', predictor=None, ...)
2023-01-28 19:25:59,977:INFO:create_model() succesfully completed......................................
2023-01-28 19:26:12,107:INFO:Initializing blend_models()
2023-01-28 19:26:12,109:INFO:blend_models(estimator_list=[LogisticRegression(C=1.0, class_weight=None, dual=False, fit_intercept=True,
                   intercept_scaling=1, l1_ratio=None, max_iter=100,
                   multi_class='auto', n_jobs=None, penalty='l2',
                   random_state=1229, solver='lbfgs', tol=0.0001, verbose=0,
                   warm_start=False), GradientBoostingClassifier(ccp_alpha=0.0, criterion='friedman_mse', init=None,
                           learning_rate=0.1, loss='log_loss', max_depth=3,
                           max_features=None, max_leaf_nodes=None,
                           min_impurity_decrease=0.0, min_samples_leaf=1,
                           min_samples_split=2, min_weight_fraction_leaf=0.0,
                           n_estimators=100, n_iter_no_change=None,
                           random_state=1229, subsample=1.0, tol=0.0001,
                           validation_fraction=0.1, verbose=0,
                           warm_start=False), XGBClassifier(base_score=None, booster=None, callbacks=None,
              colsample_bylevel=None, colsample_bynode=None,
              colsample_bytree=None, early_stopping_rounds=None,
              enable_categorical=False, eval_metric=None, feature_types=None,
              gamma=None, gpu_id=None, grow_policy=None, importance_type=None,
              interaction_constraints=None, learning_rate=None, max_bin=None,
              max_cat_threshold=None, max_cat_to_onehot=None,
              max_delta_step=None, max_depth=None, max_leaves=None,
              min_child_weight=None, missing=nan, monotone_constraints=None,
              n_estimators=100, n_jobs=-1, num_parallel_tree=None,
              objective='binary:logistic', predictor=None, ...)], fold=10, round=4, choose_better=False, optimize=Accuracy, method=soft, turbo=True, verbose=True)
2023-01-28 19:26:12,109:INFO:Checking exceptions
2023-01-28 19:26:12,111:INFO:Preloading libraries
2023-01-28 19:26:12,111:INFO:Preparing display monitor
2023-01-28 19:26:12,127:INFO:Importing libraries
2023-01-28 19:26:12,127:INFO:Copying training dataset
2023-01-28 19:26:12,128:INFO:Declaring metric variables
2023-01-28 19:26:12,128:INFO:Defining folds
2023-01-28 19:26:12,132:INFO:Defining model names in estimator_list
2023-01-28 19:26:12,722:INFO:n_jobs multiple passed
2023-01-28 19:26:12,734:INFO:Initializing Fold 1
2023-01-28 19:26:12,745:INFO:Fitting Model
2023-01-28 19:26:13,194:INFO:Evaluating Metrics
2023-01-28 19:26:13,225:INFO:Compiling Metrics
2023-01-28 19:26:13,253:INFO:Initializing Fold 2
2023-01-28 19:26:13,263:INFO:Fitting Model
2023-01-28 19:26:13,703:INFO:Evaluating Metrics
2023-01-28 19:26:13,734:INFO:Compiling Metrics
2023-01-28 19:26:13,768:INFO:Initializing Fold 3
2023-01-28 19:26:13,782:INFO:Fitting Model
2023-01-28 19:26:14,006:INFO:Evaluating Metrics
2023-01-28 19:26:14,038:INFO:Compiling Metrics
2023-01-28 19:26:14,071:INFO:Initializing Fold 4
2023-01-28 19:26:14,081:INFO:Fitting Model
2023-01-28 19:26:14,260:INFO:Evaluating Metrics
2023-01-28 19:26:14,291:INFO:Compiling Metrics
2023-01-28 19:26:14,323:INFO:Initializing Fold 5
2023-01-28 19:26:14,333:INFO:Fitting Model
2023-01-28 19:26:14,553:INFO:Evaluating Metrics
2023-01-28 19:26:14,585:INFO:Compiling Metrics
2023-01-28 19:26:14,620:INFO:Initializing Fold 6
2023-01-28 19:26:14,630:INFO:Fitting Model
2023-01-28 19:26:15,040:INFO:Evaluating Metrics
2023-01-28 19:26:15,071:INFO:Compiling Metrics
2023-01-28 19:26:15,103:INFO:Initializing Fold 7
2023-01-28 19:26:15,114:INFO:Fitting Model
2023-01-28 19:26:15,527:INFO:Evaluating Metrics
2023-01-28 19:26:15,571:INFO:Compiling Metrics
2023-01-28 19:26:15,614:INFO:Initializing Fold 8
2023-01-28 19:26:15,626:INFO:Fitting Model
2023-01-28 19:26:16,040:INFO:Evaluating Metrics
2023-01-28 19:26:16,070:INFO:Compiling Metrics
2023-01-28 19:26:16,106:INFO:Initializing Fold 9
2023-01-28 19:26:16,115:INFO:Fitting Model
2023-01-28 19:26:16,289:INFO:Evaluating Metrics
2023-01-28 19:26:16,320:INFO:Compiling Metrics
2023-01-28 19:26:16,357:INFO:Initializing Fold 10
2023-01-28 19:26:16,368:INFO:Fitting Model
2023-01-28 19:26:16,573:INFO:Evaluating Metrics
2023-01-28 19:26:16,604:INFO:Compiling Metrics
2023-01-28 19:26:16,639:INFO:Calculating mean and std
2023-01-28 19:26:16,641:INFO:Creating metrics dataframe
2023-01-28 19:26:16,658:INFO:Finalizing model
2023-01-28 19:26:16,870:INFO:Uploading results into container
2023-01-28 19:26:16,870:INFO:Uploading model into container
2023-01-28 19:26:16,892:INFO:create_model_container: 6
2023-01-28 19:26:16,892:INFO:master_model_container: 6
2023-01-28 19:26:16,893:INFO:display_container: 7
2023-01-28 19:26:16,916:INFO:VotingClassifier(estimators=[('Logistic Regression_0',
                              LogisticRegression(C=1.0, class_weight=None,
                                                 dual=False, fit_intercept=True,
                                                 intercept_scaling=1,
                                                 l1_ratio=None, max_iter=100,
                                                 multi_class='auto',
                                                 n_jobs=None, penalty='l2',
                                                 random_state=1229,
                                                 solver='lbfgs', tol=0.0001,
                                                 verbose=0, warm_start=False)),
                             ('Extreme Gradient Boosting_2',
                              XGBClassifier(base_score=None, b...
                                                         max_depth=3,
                                                         max_features=None,
                                                         max_leaf_nodes=None,
                                                         min_impurity_decrease=0.0,
                                                         min_samples_leaf=1,
                                                         min_samples_split=2,
                                                         min_weight_fraction_leaf=0.0,
                                                         n_estimators=100,
                                                         n_iter_no_change=None,
                                                         random_state=1229,
                                                         subsample=1.0,
                                                         tol=0.0001,
                                                         validation_fraction=0.1,
                                                         verbose=0,
                                                         warm_start=False))],
                 flatten_transform=True, n_jobs=-1, verbose=False,
                 voting='soft', weights=None)
2023-01-28 19:26:16,917:INFO:blend_models() succesfully completed......................................
2023-01-28 19:26:18,991:INFO:Initializing plot_model()
2023-01-28 19:26:18,999:INFO:plot_model(estimator=VotingClassifier(estimators=[('Logistic Regression_0',
                              LogisticRegression(C=1.0, class_weight=None,
                                                 dual=False, fit_intercept=True,
                                                 intercept_scaling=1,
                                                 l1_ratio=None, max_iter=100,
                                                 multi_class='auto',
                                                 n_jobs=None, penalty='l2',
                                                 random_state=1229,
                                                 solver='lbfgs', tol=0.0001,
                                                 verbose=0, warm_start=False)),
                             ('Extreme Gradient Boosting_2',
                              XGBClassifier(base_score=None, b...
                                                         max_depth=3,
                                                         max_features=None,
                                                         max_leaf_nodes=None,
                                                         min_impurity_decrease=0.0,
                                                         min_samples_leaf=1,
                                                         min_samples_split=2,
                                                         min_weight_fraction_leaf=0.0,
                                                         n_estimators=100,
                                                         n_iter_no_change=None,
                                                         random_state=1229,
                                                         subsample=1.0,
                                                         tol=0.0001,
                                                         validation_fraction=0.1,
                                                         verbose=0,
                                                         warm_start=False))],
                 flatten_transform=True, n_jobs=-1, verbose=False,
                 voting='soft', weights=None), plot=auc, save=False, verbose=True, system=True)
2023-01-28 19:26:18,999:INFO:Checking exceptions
2023-01-28 19:26:18,999:INFO:Preloading libraries
2023-01-28 19:26:19,000:INFO:Preparing display monitor
2023-01-28 19:26:19,007:INFO:Importing libraries
2023-01-28 19:26:19,008:INFO:plot type: auc
2023-01-28 19:26:19,171:INFO:Fitting Model
2023-01-28 19:26:19,171:INFO:Scoring test/hold-out set
2023-01-28 19:26:19,452:INFO:Visual Rendered Successfully
2023-01-28 19:26:19,452:INFO:plot_model() succesfully completed......................................
2023-01-28 19:26:40,089:INFO:Initializing finalize_model()
2023-01-28 19:26:40,096:INFO:finalize_model(estimator=VotingClassifier(estimators=[('Logistic Regression_0',
                              LogisticRegression(C=1.0, class_weight=None,
                                                 dual=False, fit_intercept=True,
                                                 intercept_scaling=1,
                                                 l1_ratio=None, max_iter=100,
                                                 multi_class='auto',
                                                 n_jobs=None, penalty='l2',
                                                 random_state=1229,
                                                 solver='lbfgs', tol=0.0001,
                                                 verbose=0, warm_start=False)),
                             ('Extreme Gradient Boosting_2',
                              XGBClassifier(base_score=None, b...
                                                         max_depth=3,
                                                         max_features=None,
                                                         max_leaf_nodes=None,
                                                         min_impurity_decrease=0.0,
                                                         min_samples_leaf=1,
                                                         min_samples_split=2,
                                                         min_weight_fraction_leaf=0.0,
                                                         n_estimators=100,
                                                         n_iter_no_change=None,
                                                         random_state=1229,
                                                         subsample=1.0,
                                                         tol=0.0001,
                                                         validation_fraction=0.1,
                                                         verbose=0,
                                                         warm_start=False))],
                 flatten_transform=True, n_jobs=-1, verbose=False,
                 voting='soft', weights=None))
2023-01-28 19:26:40,096:INFO:Importing libraries
2023-01-28 19:26:40,096:INFO:Getting model name
2023-01-28 19:26:40,096:INFO:Finalizing Voting Classifier
2023-01-28 19:26:40,315:INFO:create_model_container: 6
2023-01-28 19:26:40,315:INFO:master_model_container: 6
2023-01-28 19:26:40,315:INFO:display_container: 8
2023-01-28 19:26:40,332:INFO:VotingClassifier(estimators=[('Logistic Regression_0',
                              LogisticRegression(C=1.0, class_weight=None,
                                                 dual=False, fit_intercept=True,
                                                 intercept_scaling=1,
                                                 l1_ratio=None, max_iter=100,
                                                 multi_class='auto',
                                                 n_jobs=None, penalty='l2',
                                                 random_state=1229,
                                                 solver='lbfgs', tol=0.0001,
                                                 verbose=0, warm_start=False)),
                             ('Extreme Gradient Boosting_2',
                              XGBClassifier(base_score=None, b...
                                                         max_depth=3,
                                                         max_features=None,
                                                         max_leaf_nodes=None,
                                                         min_impurity_decrease=0.0,
                                                         min_samples_leaf=1,
                                                         min_samples_split=2,
                                                         min_weight_fraction_leaf=0.0,
                                                         n_estimators=100,
                                                         n_iter_no_change=None,
                                                         random_state=1229,
                                                         subsample=1.0,
                                                         tol=0.0001,
                                                         validation_fraction=0.1,
                                                         verbose=0,
                                                         warm_start=False))],
                 flatten_transform=True, n_jobs=-1, verbose=False,
                 voting='soft', weights=None)
2023-01-28 19:26:40,333:INFO:finalize_model() succesfully completed......................................
