2023-01-28 13:19:06,919:INFO:PyCaret Supervised Module
2023-01-28 13:19:06,921:INFO:ML Usecase: clustering
2023-01-28 13:19:06,927:INFO:version 2.3.10
2023-01-28 13:19:06,929:INFO:Initializing setup()
2023-01-28 13:19:06,933:INFO:setup(target=None, ml_usecase=clustering, available_plots={'cluster': 'Cluster PCA Plot (2d)', 'tsne': 'Cluster TSnE (3d)', 'elbow': 'Elbow', 'silhouette': 'Silhouette', 'distance': 'Distance', 'distribution': 'Distribution'}, train_size=0.7, test_data=None, preprocess=True, imputation_type=simple, iterative_imputation_iters=5, categorical_features=None, categorical_imputation=mode, categorical_iterative_imputer=lightgbm, ordinal_features=None, high_cardinality_features=None, high_cardinality_method=frequency, numeric_features=None, numeric_imputation=mean, numeric_iterative_imputer=lightgbm, date_features=None, ignore_features=['MouseID'], normalize=True, normalize_method=zscore, transformation=False, transformation_method=yeo-johnson, handle_unknown_categorical=True, unknown_categorical_method=least_frequent, pca=False, pca_method=linear, pca_components=None, ignore_low_variance=False, combine_rare_levels=False, rare_level_threshold=0.1, bin_numeric_features=None, remove_outliers=False, outliers_threshold=0.05, remove_multicollinearity=False, multicollinearity_threshold=0.9, remove_perfect_collinearity=False, create_clusters=False, cluster_iter=20, polynomial_features=False, polynomial_degree=2, trigonometry_features=False, polynomial_threshold=0.1, group_features=None, group_names=None, feature_selection=False, feature_selection_threshold=0.8, feature_selection_method=classic, feature_interaction=False, feature_ratio=False, interaction_threshold=0.01, fix_imbalance=False, fix_imbalance_method=None, transform_target=False, transform_target_method=box-cox, data_split_shuffle=False, data_split_stratify=False, fold_strategy=kfold, fold=10, fold_shuffle=False, fold_groups=None, n_jobs=-1, use_gpu=False, custom_pipeline=None, html=True, session_id=123, log_experiment=False, experiment_name=None, experiment_custom_tags=None, log_plots=False, log_profile=False, log_data=False, silent=False, verbose=True, profile=False, profile_kwargs=None, display=None)
2023-01-28 13:19:06,937:INFO:Checking environment
2023-01-28 13:19:06,941:INFO:python_version: 3.8.10
2023-01-28 13:19:06,944:INFO:python_build: ('default', 'Nov 14 2022 12:59:47')
2023-01-28 13:19:06,948:INFO:machine: x86_64
2023-01-28 13:19:06,950:INFO:platform: Linux-5.10.147+-x86_64-with-glibc2.29
2023-01-28 13:19:06,952:INFO:Memory: svmem(total=13616332800, available=12198293504, percent=10.4, used=1104670720, free=6947778560, active=803557376, inactive=5502820352, buffers=374300672, cached=5189582848, shared=1208320, slab=278081536)
2023-01-28 13:19:06,953:INFO:Physical Core: 1
2023-01-28 13:19:06,957:INFO:Logical Core: 2
2023-01-28 13:19:06,958:INFO:Checking libraries
2023-01-28 13:19:06,960:INFO:pd==1.3.5
2023-01-28 13:19:06,961:INFO:numpy==1.21.6
2023-01-28 13:19:06,963:INFO:sklearn==0.23.2
2023-01-28 13:19:06,964:INFO:lightgbm==3.3.5
2023-01-28 13:19:06,966:WARNING:catboost not found
2023-01-28 13:19:07,045:INFO:xgboost==0.90
2023-01-28 13:19:07,046:INFO:mlflow==2.1.1
2023-01-28 13:19:07,051:INFO:Checking Exceptions
2023-01-28 13:19:07,052:INFO:Declaring global variables
2023-01-28 13:19:07,057:INFO:USI: 504f
2023-01-28 13:19:07,058:INFO:pycaret_globals: {'fold_param', 'prep_pipe', 'fold_groups_param_full', 'logging_param', 'fold_groups_param', 'display_container', '_all_models', 'create_model_container', 'log_plots_param', 'master_model_container', 'seed', 'fix_imbalance_method_param', 'dashboard_logger', 'data_before_preprocess', 'gpu_param', 'exp_name_log', 'html_param', 'experiment__', '_gpu_n_jobs_param', '_all_models_internal', 'imputation_classifier', 'fold_generator', 'iterative_imputation_iters_param', 'n_jobs_param', '_all_metrics', 'transform_target_method_param', '_ml_usecase', 'fold_shuffle_param', 'USI', 'transform_target_param', 'X', 'pycaret_globals', 'stratify_param', '_internal_pipeline', 'target_param', 'fix_imbalance_param', '_available_plots', 'imputation_regressor'}
2023-01-28 13:19:07,062:INFO:Preparing display monitor
2023-01-28 13:19:07,064:INFO:Preparing display monitor
2023-01-28 13:19:07,089:INFO:Importing libraries
2023-01-28 13:19:07,093:INFO:Copying data for preprocessing
2023-01-28 13:19:07,111:INFO:Declaring preprocessing parameters
2023-01-28 13:19:07,125:INFO:Creating preprocessing pipeline
2023-01-28 13:19:07,174:INFO:Preprocessing pipeline created successfully
2023-01-28 13:19:07,181:ERROR:(Process Exit): setup has been interupted with user command 'quit'. setup must rerun.
2023-01-28 13:19:07,186:INFO:Creating global containers
2023-01-28 13:19:07,189:INFO:Internal pipeline: Pipeline(memory=None, steps=[('empty_step', 'passthrough')], verbose=False)
2023-01-28 13:19:45,326:INFO:Creating grid variables
2023-01-28 13:19:45,351:INFO:create_model_container: 0
2023-01-28 13:19:45,356:INFO:master_model_container: 0
2023-01-28 13:19:45,359:INFO:display_container: 1
2023-01-28 13:19:45,370:INFO:Pipeline(memory=None,
         steps=[('dtypes',
                 DataTypes_Auto_infer(categorical_features=[],
                                      display_types=True,
                                      features_todrop=['MouseID'],
                                      id_columns=[], ml_usecase='regression',
                                      numerical_features=[],
                                      target='UNSUPERVISED_DUMMY_TARGET',
                                      time_features=[])),
                ('imputer',
                 Simple_Imputer(categorical_strategy='most frequent',
                                fill_value_categorical=None,
                                fill_value_numer...
                ('P_transform', 'passthrough'), ('binn', 'passthrough'),
                ('rem_outliers', 'passthrough'), ('cluster_all', 'passthrough'),
                ('dummy', Dummify(target='UNSUPERVISED_DUMMY_TARGET')),
                ('fix_perfect', 'passthrough'),
                ('clean_names', Clean_Colum_Names()),
                ('feature_select', 'passthrough'), ('fix_multi', 'passthrough'),
                ('dfs', 'passthrough'), ('pca', 'passthrough')],
         verbose=False)
2023-01-28 13:19:45,371:INFO:setup() succesfully completed......................................
2023-01-28 13:21:21,562:INFO:Initializing create_model()
2023-01-28 13:21:21,564:INFO:create_model(estimator=kmeans, num_clusters=4, fraction=0.05, ground_truth=None, round=4, fit_kwargs=None, verbose=True, system=True, add_to_model_list=True, raise_num_clusters=False, experiment_custom_tags=None, display=None, kwargs={})
2023-01-28 13:21:21,572:INFO:Checking exceptions
2023-01-28 13:21:21,575:INFO:Preparing display monitor
2023-01-28 13:21:21,617:INFO:Importing libraries
2023-01-28 13:21:21,638:INFO:Importing untrained model
2023-01-28 13:21:21,657:INFO:K-Means Clustering Imported succesfully
2023-01-28 13:21:21,684:INFO:Fitting Model
2023-01-28 13:21:22,789:INFO:KMeans(algorithm='auto', copy_x=True, init='k-means++', max_iter=300,
       n_clusters=4, n_init=10, n_jobs=-1, precompute_distances='deprecated',
       random_state=123, tol=0.0001, verbose=0)
2023-01-28 13:21:22,792:INFO:create_models() succesfully completed......................................
2023-01-28 13:21:22,794:INFO:Uploading results into container
2023-01-28 13:21:22,814:INFO:Uploading model into container now
2023-01-28 13:21:22,833:INFO:create_model_container: 1
2023-01-28 13:21:22,838:INFO:master_model_container: 1
2023-01-28 13:21:22,841:INFO:display_container: 2
2023-01-28 13:21:22,846:INFO:KMeans(algorithm='auto', copy_x=True, init='k-means++', max_iter=300,
       n_clusters=4, n_init=10, n_jobs=-1, precompute_distances='deprecated',
       random_state=123, tol=0.0001, verbose=0)
2023-01-28 13:21:22,854:INFO:create_model() succesfully completed......................................
2023-01-28 13:21:37,546:INFO:Initializing create_model()
2023-01-28 13:21:37,565:INFO:create_model(estimator=kmodes, num_clusters=6, fraction=0.05, ground_truth=None, round=4, fit_kwargs=None, verbose=True, system=True, add_to_model_list=True, raise_num_clusters=False, experiment_custom_tags=None, display=None, kwargs={})
2023-01-28 13:21:37,573:INFO:Checking exceptions
2023-01-28 13:21:37,576:INFO:Preparing display monitor
2023-01-28 13:21:37,638:INFO:Importing libraries
2023-01-28 13:21:37,662:INFO:Importing untrained model
2023-01-28 13:21:37,712:INFO:K-Modes Clustering Imported succesfully
2023-01-28 13:21:37,749:INFO:Fitting Model
2023-01-28 13:21:44,794:INFO:KModes(cat_dissim=<function matching_dissim at 0x7f0800f60c10>, init='Cao',
       max_iter=100, n_clusters=6, n_init=1, n_jobs=-1, random_state=123,
       verbose=0)
2023-01-28 13:21:44,801:INFO:create_models() succesfully completed......................................
2023-01-28 13:21:44,809:INFO:Uploading results into container
2023-01-28 13:21:44,823:INFO:Uploading model into container now
2023-01-28 13:21:44,853:INFO:create_model_container: 2
2023-01-28 13:21:44,857:INFO:master_model_container: 2
2023-01-28 13:21:44,865:INFO:display_container: 3
2023-01-28 13:21:44,870:INFO:KModes(cat_dissim=<function matching_dissim at 0x7f0800f60c10>, init='Cao',
       max_iter=100, n_clusters=6, n_init=1, n_jobs=-1, random_state=123,
       verbose=0)
2023-01-28 13:21:44,875:INFO:create_model() succesfully completed......................................
2023-01-28 13:21:50,521:INFO:gpu_param set to False
2023-01-28 13:22:37,772:INFO:Initializing assign_model()
2023-01-28 13:22:37,779:INFO:assign_model(model=KMeans(algorithm='auto', copy_x=True, init='k-means++', max_iter=300,
       n_clusters=4, n_init=10, n_jobs=-1, precompute_distances='deprecated',
       random_state=123, tol=0.0001, verbose=0), transformation=False, score=True, verbose=True)
2023-01-28 13:22:37,780:INFO:Checking exceptions
2023-01-28 13:22:37,785:INFO:Determining Trained Model
2023-01-28 13:22:37,792:INFO:Trained Model : K-Means Clustering
2023-01-28 13:22:37,794:INFO:Copying data
2023-01-28 13:22:37,797:INFO:(1026, 83)
2023-01-28 13:22:37,802:INFO:assign_model() succesfully completed......................................
2023-01-28 13:23:16,159:INFO:Initializing plot_model()
2023-01-28 13:23:16,163:INFO:plot_model(fold=None, use_train_data=False, verbose=True, is_in_evaluate=False, display=None, display_format=None, estimator=KMeans(algorithm='auto', copy_x=True, init='k-means++', max_iter=300,
       n_clusters=4, n_init=10, n_jobs=-1, precompute_distances='deprecated',
       random_state=123, tol=0.0001, verbose=0), feature_name=None, fit_kwargs=None, groups=None, label=False, plot=cluster, plot_kwargs=None, save=False, scale=1, system=True)
2023-01-28 13:23:16,165:INFO:Checking exceptions
2023-01-28 13:23:16,167:INFO:Preparing display monitor
2023-01-28 13:23:16,185:INFO:Preloading libraries
2023-01-28 13:23:16,188:INFO:Copying training dataset
2023-01-28 13:23:16,198:INFO:Plot type: cluster
2023-01-28 13:23:16,204:INFO:SubProcess assign_model() called ==================================
2023-01-28 13:23:16,211:INFO:Initializing assign_model()
2023-01-28 13:23:16,213:INFO:assign_model(model=Pipeline(memory=None,
         steps=[('empty_step', 'passthrough'),
                ('actual_estimator',
                 KMeans(algorithm='auto', copy_x=True, init='k-means++',
                        max_iter=300, n_clusters=4, n_init=10, n_jobs=-1,
                        precompute_distances='deprecated', random_state=123,
                        tol=0.0001, verbose=0))],
         verbose=False), transformation=True, score=True, verbose=False)
2023-01-28 13:23:16,215:INFO:Checking exceptions
2023-01-28 13:23:16,219:INFO:Determining Trained Model
2023-01-28 13:23:16,222:INFO:Trained Model : K-Means Clustering
2023-01-28 13:23:16,224:INFO:Copying data
2023-01-28 13:23:16,226:INFO:Transformation param set to True. Assigned clusters are attached on transformed dataset.
2023-01-28 13:23:16,233:INFO:(1026, 92)
2023-01-28 13:23:16,236:INFO:assign_model() succesfully completed......................................
2023-01-28 13:23:16,238:INFO:SubProcess assign_model() end ==================================
2023-01-28 13:23:16,268:INFO:Fitting PCA()
2023-01-28 13:23:16,337:INFO:Sorting dataframe
2023-01-28 13:23:16,388:INFO:Rendering Visual
2023-01-28 13:23:17,634:INFO:Visual Rendered Successfully
2023-01-28 13:23:17,870:INFO:plot_model() succesfully completed......................................
2023-01-28 13:23:58,265:INFO:Initializing plot_model()
2023-01-28 13:23:58,271:INFO:plot_model(fold=None, use_train_data=False, verbose=True, is_in_evaluate=False, display=None, display_format=None, estimator=KMeans(algorithm='auto', copy_x=True, init='k-means++', max_iter=300,
       n_clusters=4, n_init=10, n_jobs=-1, precompute_distances='deprecated',
       random_state=123, tol=0.0001, verbose=0), feature_name=None, fit_kwargs=None, groups=None, label=False, plot=elbow, plot_kwargs=None, save=False, scale=1, system=True)
2023-01-28 13:23:58,273:INFO:Checking exceptions
2023-01-28 13:23:58,276:INFO:Preparing display monitor
2023-01-28 13:23:58,286:INFO:Preloading libraries
2023-01-28 13:23:58,289:INFO:Copying training dataset
2023-01-28 13:23:58,291:INFO:Plot type: elbow
2023-01-28 13:23:58,325:INFO:Fitting Model
2023-01-28 13:24:05,721:INFO:Visual Rendered Successfully
2023-01-28 13:24:05,946:INFO:plot_model() succesfully completed......................................
2023-01-28 13:24:49,402:INFO:Initializing plot_model()
2023-01-28 13:24:49,405:INFO:plot_model(fold=None, use_train_data=False, verbose=True, is_in_evaluate=False, display=None, display_format=None, estimator=KMeans(algorithm='auto', copy_x=True, init='k-means++', max_iter=300,
       n_clusters=4, n_init=10, n_jobs=-1, precompute_distances='deprecated',
       random_state=123, tol=0.0001, verbose=0), feature_name=None, fit_kwargs=None, groups=None, label=False, plot=silhouette, plot_kwargs=None, save=False, scale=1, system=True)
2023-01-28 13:24:49,409:INFO:Checking exceptions
2023-01-28 13:24:49,413:INFO:Preparing display monitor
2023-01-28 13:24:49,424:INFO:Preloading libraries
2023-01-28 13:24:49,435:INFO:Copying training dataset
2023-01-28 13:24:49,439:INFO:Plot type: silhouette
2023-01-28 13:24:49,444:INFO:Fitting Model
2023-01-28 13:24:49,936:INFO:Visual Rendered Successfully
2023-01-28 13:24:50,220:INFO:plot_model() succesfully completed......................................
2023-01-28 13:25:37,559:INFO:Initializing plot_model()
2023-01-28 13:25:37,562:INFO:plot_model(fold=None, use_train_data=False, verbose=True, is_in_evaluate=False, display=None, display_format=None, estimator=KMeans(algorithm='auto', copy_x=True, init='k-means++', max_iter=300,
       n_clusters=4, n_init=10, n_jobs=-1, precompute_distances='deprecated',
       random_state=123, tol=0.0001, verbose=0), feature_name=None, fit_kwargs=None, groups=None, label=False, plot=distribution, plot_kwargs=None, save=False, scale=1, system=True)
2023-01-28 13:25:37,564:INFO:Checking exceptions
2023-01-28 13:25:37,567:INFO:Preparing display monitor
2023-01-28 13:25:37,580:INFO:Preloading libraries
2023-01-28 13:25:37,583:INFO:Copying training dataset
2023-01-28 13:25:37,587:INFO:Plot type: distribution
2023-01-28 13:25:37,591:INFO:SubProcess assign_model() called ==================================
2023-01-28 13:25:37,596:INFO:Initializing assign_model()
2023-01-28 13:25:37,598:INFO:assign_model(model=Pipeline(memory=None,
         steps=[('empty_step', 'passthrough'),
                ('actual_estimator',
                 KMeans(algorithm='auto', copy_x=True, init='k-means++',
                        max_iter=300, n_clusters=4, n_init=10, n_jobs=-1,
                        precompute_distances='deprecated', random_state=123,
                        tol=0.0001, verbose=0))],
         verbose=False), transformation=False, score=True, verbose=False)
2023-01-28 13:25:37,599:INFO:Checking exceptions
2023-01-28 13:25:37,601:INFO:Determining Trained Model
2023-01-28 13:25:37,603:INFO:Trained Model : K-Means Clustering
2023-01-28 13:25:37,604:INFO:Copying data
2023-01-28 13:25:37,608:INFO:(1026, 83)
2023-01-28 13:25:37,610:INFO:assign_model() succesfully completed......................................
2023-01-28 13:25:37,614:INFO:SubProcess assign_model() end ==================================
2023-01-28 13:25:37,616:INFO:Sorting dataframe
2023-01-28 13:25:37,634:INFO:Rendering Visual
2023-01-28 13:25:38,298:INFO:Visual Rendered Successfully
2023-01-28 13:25:38,536:INFO:plot_model() succesfully completed......................................
2023-01-28 13:26:08,406:INFO:Initializing plot_model()
2023-01-28 13:26:08,408:INFO:plot_model(fold=None, use_train_data=False, verbose=True, is_in_evaluate=False, display=None, display_format=None, estimator=KMeans(algorithm='auto', copy_x=True, init='k-means++', max_iter=300,
       n_clusters=4, n_init=10, n_jobs=-1, precompute_distances='deprecated',
       random_state=123, tol=0.0001, verbose=0), feature_name=class, fit_kwargs=None, groups=None, label=False, plot=distribution, plot_kwargs=None, save=False, scale=1, system=True)
2023-01-28 13:26:08,411:INFO:Checking exceptions
2023-01-28 13:26:08,413:INFO:Preparing display monitor
2023-01-28 13:26:08,424:INFO:Preloading libraries
2023-01-28 13:26:08,428:INFO:Copying training dataset
2023-01-28 13:26:08,432:INFO:Plot type: distribution
2023-01-28 13:26:08,434:INFO:SubProcess assign_model() called ==================================
2023-01-28 13:26:08,438:INFO:Initializing assign_model()
2023-01-28 13:26:08,443:INFO:assign_model(model=Pipeline(memory=None,
         steps=[('empty_step', 'passthrough'),
                ('actual_estimator',
                 KMeans(algorithm='auto', copy_x=True, init='k-means++',
                        max_iter=300, n_clusters=4, n_init=10, n_jobs=-1,
                        precompute_distances='deprecated', random_state=123,
                        tol=0.0001, verbose=0))],
         verbose=False), transformation=False, score=True, verbose=False)
2023-01-28 13:26:08,444:INFO:Checking exceptions
2023-01-28 13:26:08,445:INFO:Determining Trained Model
2023-01-28 13:26:08,447:INFO:Trained Model : K-Means Clustering
2023-01-28 13:26:08,449:INFO:Copying data
2023-01-28 13:26:08,453:INFO:(1026, 83)
2023-01-28 13:26:08,455:INFO:assign_model() succesfully completed......................................
2023-01-28 13:26:08,457:INFO:SubProcess assign_model() end ==================================
2023-01-28 13:26:08,467:INFO:Sorting dataframe
2023-01-28 13:26:08,502:INFO:Rendering Visual
2023-01-28 13:26:09,156:INFO:Visual Rendered Successfully
2023-01-28 13:26:09,456:INFO:plot_model() succesfully completed......................................
2023-01-28 13:26:15,977:INFO:Initializing plot_model()
2023-01-28 13:26:15,981:INFO:plot_model(fold=None, use_train_data=False, verbose=True, is_in_evaluate=False, display=None, display_format=None, estimator=KMeans(algorithm='auto', copy_x=True, init='k-means++', max_iter=300,
       n_clusters=4, n_init=10, n_jobs=-1, precompute_distances='deprecated',
       random_state=123, tol=0.0001, verbose=0), feature_name=CaNA_N, fit_kwargs=None, groups=None, label=False, plot=distribution, plot_kwargs=None, save=False, scale=1, system=True)
2023-01-28 13:26:15,985:INFO:Checking exceptions
2023-01-28 13:26:15,987:INFO:Preparing display monitor
2023-01-28 13:26:15,999:INFO:Preloading libraries
2023-01-28 13:26:16,005:INFO:Copying training dataset
2023-01-28 13:26:16,008:INFO:Plot type: distribution
2023-01-28 13:26:16,012:INFO:SubProcess assign_model() called ==================================
2023-01-28 13:26:16,018:INFO:Initializing assign_model()
2023-01-28 13:26:16,021:INFO:assign_model(model=Pipeline(memory=None,
         steps=[('empty_step', 'passthrough'),
                ('actual_estimator',
                 KMeans(algorithm='auto', copy_x=True, init='k-means++',
                        max_iter=300, n_clusters=4, n_init=10, n_jobs=-1,
                        precompute_distances='deprecated', random_state=123,
                        tol=0.0001, verbose=0))],
         verbose=False), transformation=False, score=True, verbose=False)
2023-01-28 13:26:16,023:INFO:Checking exceptions
2023-01-28 13:26:16,024:INFO:Determining Trained Model
2023-01-28 13:26:16,026:INFO:Trained Model : K-Means Clustering
2023-01-28 13:26:16,028:INFO:Copying data
2023-01-28 13:26:16,032:INFO:(1026, 83)
2023-01-28 13:26:16,035:INFO:assign_model() succesfully completed......................................
2023-01-28 13:26:16,039:INFO:SubProcess assign_model() end ==================================
2023-01-28 13:26:16,041:INFO:Sorting dataframe
2023-01-28 13:26:16,062:INFO:Rendering Visual
2023-01-28 13:26:16,903:INFO:Visual Rendered Successfully
2023-01-28 13:26:17,381:INFO:plot_model() succesfully completed......................................
2023-01-28 13:26:53,397:INFO:Initializing predict_model()
2023-01-28 13:26:53,404:INFO:predict_model(estimator=KMeans(algorithm='auto', copy_x=True, init='k-means++', max_iter=300,
       n_clusters=4, n_init=10, n_jobs=-1, precompute_distances='deprecated',
       random_state=123, tol=0.0001, verbose=0), ml_usecase=MLUsecase.CLUSTERING)
2023-01-28 13:27:53,979:INFO:Initializing save_model()
2023-01-28 13:27:53,982:INFO:save_model(model=KMeans(algorithm='auto', copy_x=True, init='k-means++', max_iter=300,
       n_clusters=4, n_init=10, n_jobs=-1, precompute_distances='deprecated',
       random_state=123, tol=0.0001, verbose=0), model_name=Final KMeans Model 25Nov2020, prep_pipe_=Pipeline(memory=None,
         steps=[('dtypes',
                 DataTypes_Auto_infer(categorical_features=[],
                                      display_types=True,
                                      features_todrop=['MouseID'],
                                      id_columns=[], ml_usecase='regression',
                                      numerical_features=[],
                                      target='UNSUPERVISED_DUMMY_TARGET',
                                      time_features=[])),
                ('imputer',
                 Simple_Imputer(categorical_strategy='most frequent',
                                fill_value_categorical=None,
                                fill_value_numer...
                ('P_transform', 'passthrough'), ('binn', 'passthrough'),
                ('rem_outliers', 'passthrough'), ('cluster_all', 'passthrough'),
                ('dummy', Dummify(target='UNSUPERVISED_DUMMY_TARGET')),
                ('fix_perfect', 'passthrough'),
                ('clean_names', Clean_Colum_Names()),
                ('feature_select', 'passthrough'), ('fix_multi', 'passthrough'),
                ('dfs', 'passthrough'), ('pca', 'passthrough')],
         verbose=False), verbose=True, kwargs={})
2023-01-28 13:27:53,986:INFO:Adding model into prep_pipe
2023-01-28 13:27:54,006:INFO:Final KMeans Model 25Nov2020.pkl saved in current working directory
2023-01-28 13:27:54,020:INFO:Pipeline(memory=None,
         steps=[('dtypes',
                 DataTypes_Auto_infer(categorical_features=[],
                                      display_types=True,
                                      features_todrop=['MouseID'],
                                      id_columns=[], ml_usecase='regression',
                                      numerical_features=[],
                                      target='UNSUPERVISED_DUMMY_TARGET',
                                      time_features=[])),
                ('imputer',
                 Simple_Imputer(categorical_strategy='most frequent',
                                fill_value_categorical=None,
                                fill_value_numer...
                ('fix_perfect', 'passthrough'),
                ('clean_names', Clean_Colum_Names()),
                ('feature_select', 'passthrough'), ('fix_multi', 'passthrough'),
                ('dfs', 'passthrough'), ('pca', 'passthrough'),
                ['trained_model',
                 KMeans(algorithm='auto', copy_x=True, init='k-means++',
                        max_iter=300, n_clusters=4, n_init=10, n_jobs=-1,
                        precompute_distances='deprecated', random_state=123,
                        tol=0.0001, verbose=0)]],
         verbose=False)
2023-01-28 13:27:54,022:INFO:save_model() successfully completed......................................
2023-01-28 13:28:35,914:INFO:Initializing load_model()
2023-01-28 13:28:35,922:INFO:load_model(model_name=Final KMeans Model 25Nov2020, platform=None, authentication=None, verbose=True)
2023-01-28 13:29:23,481:INFO:Initializing predict_model()
2023-01-28 13:29:23,485:INFO:predict_model(estimator=Pipeline(memory=None,
         steps=[('dtypes',
                 DataTypes_Auto_infer(categorical_features=[],
                                      display_types=True,
                                      features_todrop=['MouseID'],
                                      id_columns=[], ml_usecase='regression',
                                      numerical_features=[],
                                      target='UNSUPERVISED_DUMMY_TARGET',
                                      time_features=[])),
                ('imputer',
                 Simple_Imputer(categorical_strategy='most frequent',
                                fill_value_categorical=None,
                                fill_value_numer...
                ('fix_perfect', 'passthrough'),
                ('clean_names', Clean_Colum_Names()),
                ('feature_select', 'passthrough'), ('fix_multi', 'passthrough'),
                ('dfs', 'passthrough'), ('pca', 'passthrough'),
                ['trained_model',
                 KMeans(algorithm='auto', copy_x=True, init='k-means++',
                        max_iter=300, n_clusters=4, n_init=10, n_jobs=-1,
                        precompute_distances='deprecated', random_state=123,
                        tol=0.0001, verbose=0)]],
         verbose=False), ml_usecase=MLUsecase.CLUSTERING)
